[2024-12-01 22:05:27]: Peer 1001 has the preferred neighbors []
[2024-12-01 22:05:32]: Peer 1001 has the preferred neighbors []
[2024-12-01 22:05:37]: Peer 1001 has the preferred neighbors []
[2024-12-01 22:05:42]: Peer 1001 has the preferred neighbors []
[2024-12-01 22:05:47]: Peer 1001 has the preferred neighbors []
[2024-12-01 22:05:51]: Peer 1001 is connected from Peer 1002
[2024-12-01 22:05:51]: Peer 1001 received the 'interested' message from Peer 1002
[2024-12-01 22:05:52]: Peer 1001 unchoked Peer 1002
[2024-12-01 22:05:52]: Peer 1001 has the optimistically unchoked neighbor 1002
[2024-12-01 22:05:52]: Peer 1001 sent piece 62 to Peer 1002
[2024-12-01 22:05:52]: Peer 1001 sent piece 251 to Peer 1002
[2024-12-01 22:05:52]: Peer 1001 sent piece 51 to Peer 1002
[2024-12-01 22:05:52]: Peer 1001 sent piece 22 to Peer 1002
[2024-12-01 22:05:52]: Peer 1001 sent piece 216 to Peer 1002
[2024-12-01 22:05:52]: Peer 1001 has the preferred neighbors [1002]
[2024-12-01 22:05:52]: Peer 1001 sent piece 63 to Peer 1002
[2024-12-01 22:05:52]: Peer 1001 sent piece 189 to Peer 1002
[2024-12-01 22:05:52]: Peer 1001 sent piece 180 to Peer 1002
[2024-12-01 22:05:52]: Peer 1001 sent piece 118 to Peer 1002
[2024-12-01 22:05:52]: Peer 1001 sent piece 193 to Peer 1002
[2024-12-01 22:05:52]: Peer 1001 sent piece 283 to Peer 1002
[2024-12-01 22:05:52]: Peer 1001 sent piece 258 to Peer 1002
[2024-12-01 22:05:52]: Peer 1001 sent piece 26 to Peer 1002
[2024-12-01 22:05:52]: Peer 1001 sent piece 29 to Peer 1002
[2024-12-01 22:05:52]: Peer 1001 sent piece 0 to Peer 1002
[2024-12-01 22:05:52]: Peer 1001 sent piece 172 to Peer 1002
[2024-12-01 22:05:52]: Peer 1001 sent piece 225 to Peer 1002
[2024-12-01 22:05:52]: Peer 1001 sent piece 305 to Peer 1002
[2024-12-01 22:05:52]: Peer 1001 sent piece 140 to Peer 1002
[2024-12-01 22:05:52]: Peer 1001 sent piece 297 to Peer 1002
[2024-12-01 22:05:52]: Peer 1001 sent piece 302 to Peer 1002
[2024-12-01 22:05:52]: Peer 1001 sent piece 279 to Peer 1002
[2024-12-01 22:05:52]: Peer 1001 sent piece 242 to Peer 1002
[2024-12-01 22:05:52]: Peer 1001 sent piece 70 to Peer 1002
[2024-12-01 22:05:52]: Peer 1001 sent piece 248 to Peer 1002
[2024-12-01 22:05:52]: Peer 1001 sent piece 3 to Peer 1002
[2024-12-01 22:05:52]: Peer 1001 sent piece 48 to Peer 1002
[2024-12-01 22:05:52]: Peer 1001 sent piece 145 to Peer 1002
[2024-12-01 22:05:52]: Peer 1001 sent piece 288 to Peer 1002
[2024-12-01 22:05:52]: Peer 1001 sent piece 36 to Peer 1002
[2024-12-01 22:05:52]: Peer 1001 sent piece 37 to Peer 1002
[2024-12-01 22:05:52]: Peer 1001 sent piece 176 to Peer 1002
[2024-12-01 22:05:52]: Peer 1001 sent piece 149 to Peer 1002
[2024-12-01 22:05:52]: Peer 1001 sent piece 154 to Peer 1002
[2024-12-01 22:05:52]: Peer 1001 sent piece 85 to Peer 1002
[2024-12-01 22:05:52]: Peer 1001 sent piece 58 to Peer 1002
[2024-12-01 22:05:52]: Peer 1001 sent piece 165 to Peer 1002
[2024-12-01 22:05:52]: Peer 1001 sent piece 210 to Peer 1002
[2024-12-01 22:05:52]: Peer 1001 sent piece 184 to Peer 1002
[2024-12-01 22:05:52]: Peer 1001 sent piece 263 to Peer 1002
[2024-12-01 22:05:52]: Peer 1001 sent piece 240 to Peer 1002
[2024-12-01 22:05:52]: Peer 1001 sent piece 38 to Peer 1002
[2024-12-01 22:05:52]: Peer 1001 sent piece 178 to Peer 1002
[2024-12-01 22:05:52]: Peer 1001 sent piece 28 to Peer 1002
[2024-12-01 22:05:52]: Peer 1001 sent piece 41 to Peer 1002
[2024-12-01 22:05:52]: Peer 1001 sent piece 10 to Peer 1002
[2024-12-01 22:05:52]: Peer 1001 sent piece 12 to Peer 1002
[2024-12-01 22:05:52]: Peer 1001 sent piece 196 to Peer 1002
[2024-12-01 22:05:52]: Peer 1001 sent piece 181 to Peer 1002
[2024-12-01 22:05:52]: Peer 1001 sent piece 35 to Peer 1002
[2024-12-01 22:05:52]: Peer 1001 sent piece 92 to Peer 1002
[2024-12-01 22:05:52]: Peer 1001 sent piece 153 to Peer 1002
[2024-12-01 22:05:52]: Peer 1001 sent piece 156 to Peer 1002
[2024-12-01 22:05:52]: Peer 1001 sent piece 97 to Peer 1002
[2024-12-01 22:05:52]: Peer 1001 sent piece 5 to Peer 1002
[2024-12-01 22:05:52]: Peer 1001 sent piece 187 to Peer 1002
[2024-12-01 22:05:52]: Peer 1001 sent piece 188 to Peer 1002
[2024-12-01 22:05:52]: Peer 1001 sent piece 144 to Peer 1002
[2024-12-01 22:05:52]: Peer 1001 sent piece 229 to Peer 1002
[2024-12-01 22:05:52]: Peer 1001 sent piece 293 to Peer 1002
[2024-12-01 22:05:52]: Peer 1001 sent piece 275 to Peer 1002
[2024-12-01 22:05:52]: Peer 1001 sent piece 228 to Peer 1002
[2024-12-01 22:05:52]: Peer 1001 sent piece 270 to Peer 1002
[2024-12-01 22:05:52]: Peer 1001 sent piece 217 to Peer 1002
[2024-12-01 22:05:52]: Peer 1001 sent piece 253 to Peer 1002
[2024-12-01 22:05:52]: Peer 1001 sent piece 32 to Peer 1002
[2024-12-01 22:05:52]: Peer 1001 sent piece 106 to Peer 1002
[2024-12-01 22:05:52]: Peer 1001 sent piece 254 to Peer 1002
[2024-12-01 22:05:52]: Peer 1001 sent piece 20 to Peer 1002
[2024-12-01 22:05:52]: Peer 1001 sent piece 264 to Peer 1002
[2024-12-01 22:05:52]: Peer 1001 sent piece 115 to Peer 1002
[2024-12-01 22:05:52]: Peer 1001 sent piece 257 to Peer 1002
[2024-12-01 22:05:52]: Peer 1001 sent piece 79 to Peer 1002
[2024-12-01 22:05:52]: Peer 1001 sent piece 136 to Peer 1002
[2024-12-01 22:05:52]: Peer 1001 sent piece 137 to Peer 1002
[2024-12-01 22:05:52]: Peer 1001 sent piece 186 to Peer 1002
[2024-12-01 22:05:52]: Peer 1001 sent piece 269 to Peer 1002
[2024-12-01 22:05:52]: Peer 1001 sent piece 239 to Peer 1002
[2024-12-01 22:05:52]: Peer 1001 sent piece 19 to Peer 1002
[2024-12-01 22:05:52]: Peer 1001 sent piece 294 to Peer 1002
[2024-12-01 22:05:52]: Peer 1001 sent piece 152 to Peer 1002
[2024-12-01 22:05:52]: Peer 1001 sent piece 128 to Peer 1002
[2024-12-01 22:05:52]: Peer 1001 sent piece 231 to Peer 1002
[2024-12-01 22:05:52]: Peer 1001 sent piece 185 to Peer 1002
[2024-12-01 22:05:52]: Peer 1001 sent piece 268 to Peer 1002
[2024-12-01 22:05:52]: Peer 1001 sent piece 166 to Peer 1002
[2024-12-01 22:05:52]: Peer 1001 sent piece 117 to Peer 1002
[2024-12-01 22:05:52]: Peer 1001 sent piece 200 to Peer 1002
[2024-12-01 22:05:52]: Peer 1001 sent piece 202 to Peer 1002
[2024-12-01 22:05:52]: Peer 1001 sent piece 303 to Peer 1002
[2024-12-01 22:05:52]: Peer 1001 sent piece 132 to Peer 1002
[2024-12-01 22:05:52]: Peer 1001 sent piece 59 to Peer 1002
[2024-12-01 22:05:52]: Peer 1001 sent piece 147 to Peer 1002
[2024-12-01 22:05:52]: Peer 1001 sent piece 159 to Peer 1002
[2024-12-01 22:05:52]: Peer 1001 sent piece 114 to Peer 1002
[2024-12-01 22:05:52]: Peer 1001 sent piece 148 to Peer 1002
[2024-12-01 22:05:52]: Peer 1001 sent piece 111 to Peer 1002
[2024-12-01 22:05:52]: Peer 1001 sent piece 215 to Peer 1002
[2024-12-01 22:05:52]: Peer 1001 sent piece 13 to Peer 1002
[2024-12-01 22:05:52]: Peer 1001 sent piece 304 to Peer 1002
[2024-12-01 22:05:52]: Peer 1001 sent piece 203 to Peer 1002
[2024-12-01 22:05:52]: Peer 1001 sent piece 1 to Peer 1002
[2024-12-01 22:05:52]: Peer 1001 sent piece 121 to Peer 1002
[2024-12-01 22:05:52]: Peer 1001 sent piece 291 to Peer 1002
[2024-12-01 22:05:52]: Peer 1001 sent piece 64 to Peer 1002
[2024-12-01 22:05:52]: Peer 1001 sent piece 55 to Peer 1002
[2024-12-01 22:05:52]: Peer 1001 sent piece 236 to Peer 1002
[2024-12-01 22:05:52]: Peer 1001 sent piece 208 to Peer 1002
[2024-12-01 22:05:52]: Peer 1001 sent piece 47 to Peer 1002
[2024-12-01 22:05:52]: Peer 1001 sent piece 87 to Peer 1002
[2024-12-01 22:05:52]: Peer 1001 sent piece 290 to Peer 1002
[2024-12-01 22:05:52]: Peer 1001 sent piece 50 to Peer 1002
[2024-12-01 22:05:52]: Peer 1001 sent piece 301 to Peer 1002
[2024-12-01 22:05:52]: Peer 1001 sent piece 25 to Peer 1002
[2024-12-01 22:05:52]: Peer 1001 sent piece 299 to Peer 1002
[2024-12-01 22:05:52]: Peer 1001 sent piece 212 to Peer 1002
[2024-12-01 22:05:52]: Peer 1001 sent piece 287 to Peer 1002
[2024-12-01 22:05:52]: Peer 1001 sent piece 276 to Peer 1002
[2024-12-01 22:05:52]: Peer 1001 sent piece 142 to Peer 1002
[2024-12-01 22:05:52]: Peer 1001 sent piece 89 to Peer 1002
[2024-12-01 22:05:52]: Peer 1001 sent piece 109 to Peer 1002
[2024-12-01 22:05:52]: Peer 1001 sent piece 23 to Peer 1002
[2024-12-01 22:05:52]: Peer 1001 sent piece 6 to Peer 1002
[2024-12-01 22:05:52]: Peer 1001 sent piece 256 to Peer 1002
[2024-12-01 22:05:52]: Peer 1001 sent piece 175 to Peer 1002
[2024-12-01 22:05:52]: Peer 1001 sent piece 179 to Peer 1002
[2024-12-01 22:05:52]: Peer 1001 sent piece 67 to Peer 1002
[2024-12-01 22:05:52]: Peer 1001 sent piece 52 to Peer 1002
[2024-12-01 22:05:52]: Peer 1001 sent piece 289 to Peer 1002
[2024-12-01 22:05:52]: Peer 1001 sent piece 282 to Peer 1002
[2024-12-01 22:05:52]: Peer 1001 sent piece 73 to Peer 1002
[2024-12-01 22:05:52]: Peer 1001 sent piece 133 to Peer 1002
[2024-12-01 22:05:52]: Peer 1001 sent piece 157 to Peer 1002
[2024-12-01 22:05:52]: Peer 1001 sent piece 155 to Peer 1002
[2024-12-01 22:05:52]: Peer 1001 sent piece 61 to Peer 1002
[2024-12-01 22:05:52]: Peer 1001 sent piece 108 to Peer 1002
[2024-12-01 22:05:52]: Peer 1001 sent piece 88 to Peer 1002
[2024-12-01 22:05:52]: Peer 1001 sent piece 119 to Peer 1002
[2024-12-01 22:05:52]: Peer 1001 sent piece 17 to Peer 1002
[2024-12-01 22:05:52]: Peer 1001 sent piece 295 to Peer 1002
[2024-12-01 22:05:52]: Peer 1001 sent piece 102 to Peer 1002
[2024-12-01 22:05:52]: Peer 1001 sent piece 56 to Peer 1002
[2024-12-01 22:05:52]: Peer 1001 sent piece 120 to Peer 1002
[2024-12-01 22:05:52]: Peer 1001 sent piece 300 to Peer 1002
[2024-12-01 22:05:52]: Peer 1001 sent piece 9 to Peer 1002
[2024-12-01 22:05:52]: Peer 1001 sent piece 143 to Peer 1002
[2024-12-01 22:05:52]: Peer 1001 sent piece 206 to Peer 1002
[2024-12-01 22:05:52]: Peer 1001 sent piece 71 to Peer 1002
[2024-12-01 22:05:52]: Peer 1001 sent piece 116 to Peer 1002
[2024-12-01 22:05:52]: Peer 1001 sent piece 104 to Peer 1002
[2024-12-01 22:05:52]: Peer 1001 sent piece 174 to Peer 1002
[2024-12-01 22:05:52]: Peer 1001 sent piece 45 to Peer 1002
[2024-12-01 22:05:52]: Peer 1001 sent piece 75 to Peer 1002
[2024-12-01 22:05:52]: Peer 1001 sent piece 2 to Peer 1002
[2024-12-01 22:05:52]: Peer 1001 sent piece 84 to Peer 1002
[2024-12-01 22:05:52]: Peer 1001 sent piece 195 to Peer 1002
[2024-12-01 22:05:52]: Peer 1001 sent piece 78 to Peer 1002
[2024-12-01 22:05:52]: Peer 1001 sent piece 234 to Peer 1002
[2024-12-01 22:05:52]: Peer 1001 sent piece 259 to Peer 1002
[2024-12-01 22:05:52]: Peer 1001 sent piece 204 to Peer 1002
[2024-12-01 22:05:52]: Peer 1001 sent piece 285 to Peer 1002
[2024-12-01 22:05:52]: Peer 1001 sent piece 77 to Peer 1002
[2024-12-01 22:05:52]: Peer 1001 sent piece 21 to Peer 1002
[2024-12-01 22:05:52]: Peer 1001 sent piece 134 to Peer 1002
[2024-12-01 22:05:52]: Peer 1001 sent piece 124 to Peer 1002
[2024-12-01 22:05:52]: Peer 1001 sent piece 96 to Peer 1002
[2024-12-01 22:05:52]: Peer 1001 sent piece 296 to Peer 1002
[2024-12-01 22:05:52]: Peer 1001 sent piece 135 to Peer 1002
[2024-12-01 22:05:52]: Peer 1001 sent piece 46 to Peer 1002
[2024-12-01 22:05:52]: Peer 1001 sent piece 90 to Peer 1002
[2024-12-01 22:05:52]: Peer 1001 sent piece 146 to Peer 1002
[2024-12-01 22:05:52]: Peer 1001 sent piece 209 to Peer 1002
[2024-12-01 22:05:52]: Peer 1001 sent piece 82 to Peer 1002
[2024-12-01 22:05:52]: Peer 1001 sent piece 160 to Peer 1002
[2024-12-01 22:05:52]: Peer 1001 sent piece 274 to Peer 1002
[2024-12-01 22:05:52]: Peer 1001 sent piece 43 to Peer 1002
[2024-12-01 22:05:52]: Peer 1001 sent piece 245 to Peer 1002
[2024-12-01 22:05:52]: Peer 1001 sent piece 262 to Peer 1002
[2024-12-01 22:05:52]: Peer 1001 sent piece 16 to Peer 1002
[2024-12-01 22:05:52]: Peer 1001 sent piece 162 to Peer 1002
[2024-12-01 22:05:52]: Peer 1001 sent piece 227 to Peer 1002
[2024-12-01 22:05:52]: Peer 1001 sent piece 69 to Peer 1002
[2024-12-01 22:05:52]: Peer 1001 sent piece 233 to Peer 1002
[2024-12-01 22:05:52]: Peer 1001 sent piece 105 to Peer 1002
[2024-12-01 22:05:52]: Peer 1001 sent piece 53 to Peer 1002
[2024-12-01 22:05:52]: Peer 1001 sent piece 129 to Peer 1002
[2024-12-01 22:05:52]: Peer 1001 sent piece 158 to Peer 1002
[2024-12-01 22:05:52]: Peer 1001 sent piece 271 to Peer 1002
[2024-12-01 22:05:52]: Peer 1001 sent piece 260 to Peer 1002
[2024-12-01 22:05:52]: Peer 1001 sent piece 183 to Peer 1002
[2024-12-01 22:05:52]: Peer 1001 sent piece 141 to Peer 1002
[2024-12-01 22:05:52]: Peer 1001 sent piece 232 to Peer 1002
[2024-12-01 22:05:52]: Peer 1001 sent piece 194 to Peer 1002
[2024-12-01 22:05:52]: Peer 1001 sent piece 198 to Peer 1002
[2024-12-01 22:05:52]: Peer 1001 sent piece 246 to Peer 1002
[2024-12-01 22:05:52]: Peer 1001 sent piece 281 to Peer 1002
[2024-12-01 22:05:52]: Peer 1001 sent piece 110 to Peer 1002
[2024-12-01 22:05:52]: Peer 1001 sent piece 222 to Peer 1002
[2024-12-01 22:05:52]: Peer 1001 sent piece 266 to Peer 1002
[2024-12-01 22:05:52]: Peer 1001 sent piece 235 to Peer 1002
[2024-12-01 22:05:52]: Peer 1001 sent piece 49 to Peer 1002
[2024-12-01 22:05:52]: Peer 1001 sent piece 150 to Peer 1002
[2024-12-01 22:05:52]: Peer 1001 sent piece 151 to Peer 1002
[2024-12-01 22:05:52]: Peer 1001 sent piece 169 to Peer 1002
[2024-12-01 22:05:52]: Peer 1001 sent piece 161 to Peer 1002
[2024-12-01 22:05:52]: Peer 1001 sent piece 44 to Peer 1002
[2024-12-01 22:05:52]: Peer 1001 sent piece 107 to Peer 1002
[2024-12-01 22:05:52]: Peer 1001 sent piece 247 to Peer 1002
[2024-12-01 22:05:52]: Peer 1001 sent piece 298 to Peer 1002
[2024-12-01 22:05:52]: Peer 1001 sent piece 201 to Peer 1002
[2024-12-01 22:05:52]: Peer 1001 sent piece 57 to Peer 1002
[2024-12-01 22:05:52]: Peer 1001 sent piece 27 to Peer 1002
[2024-12-01 22:05:52]: Peer 1001 sent piece 122 to Peer 1002
[2024-12-01 22:05:52]: Peer 1001 sent piece 31 to Peer 1002
[2024-12-01 22:05:52]: Peer 1001 sent piece 164 to Peer 1002
[2024-12-01 22:05:52]: Peer 1001 sent piece 86 to Peer 1002
[2024-12-01 22:05:52]: Peer 1001 sent piece 192 to Peer 1002
[2024-12-01 22:05:52]: Peer 1001 sent piece 74 to Peer 1002
[2024-12-01 22:05:52]: Peer 1001 sent piece 130 to Peer 1002
[2024-12-01 22:05:52]: Peer 1001 sent piece 190 to Peer 1002
[2024-12-01 22:05:52]: Peer 1001 sent piece 103 to Peer 1002
[2024-12-01 22:05:52]: Peer 1001 sent piece 230 to Peer 1002
[2024-12-01 22:05:52]: Peer 1001 sent piece 123 to Peer 1002
[2024-12-01 22:05:52]: Peer 1001 sent piece 24 to Peer 1002
[2024-12-01 22:05:52]: Peer 1001 sent piece 170 to Peer 1002
[2024-12-01 22:05:52]: Peer 1001 sent piece 277 to Peer 1002
[2024-12-01 22:05:52]: Peer 1001 sent piece 197 to Peer 1002
[2024-12-01 22:05:52]: Peer 1001 sent piece 244 to Peer 1002
[2024-12-01 22:05:52]: Peer 1001 sent piece 167 to Peer 1002
[2024-12-01 22:05:52]: Peer 1001 sent piece 280 to Peer 1002
[2024-12-01 22:05:52]: Peer 1001 sent piece 99 to Peer 1002
[2024-12-01 22:05:52]: Peer 1001 sent piece 112 to Peer 1002
[2024-12-01 22:05:52]: Peer 1001 sent piece 94 to Peer 1002
[2024-12-01 22:05:52]: Peer 1001 sent piece 11 to Peer 1002
[2024-12-01 22:05:52]: Peer 1001 sent piece 39 to Peer 1002
[2024-12-01 22:05:52]: Peer 1001 sent piece 66 to Peer 1002
[2024-12-01 22:05:52]: Peer 1001 sent piece 207 to Peer 1002
[2024-12-01 22:05:52]: Peer 1001 sent piece 60 to Peer 1002
[2024-12-01 22:05:52]: Peer 1001 sent piece 219 to Peer 1002
[2024-12-01 22:05:52]: Peer 1001 sent piece 218 to Peer 1002
[2024-12-01 22:05:52]: Peer 1001 sent piece 224 to Peer 1002
[2024-12-01 22:05:52]: Peer 1001 sent piece 98 to Peer 1002
[2024-12-01 22:05:52]: Peer 1001 sent piece 14 to Peer 1002
[2024-12-01 22:05:52]: Peer 1001 sent piece 168 to Peer 1002
[2024-12-01 22:05:52]: Peer 1001 sent piece 83 to Peer 1002
[2024-12-01 22:05:52]: Peer 1001 sent piece 214 to Peer 1002
[2024-12-01 22:05:52]: Peer 1001 sent piece 126 to Peer 1002
[2024-12-01 22:05:52]: Peer 1001 sent piece 34 to Peer 1002
[2024-12-01 22:05:52]: Peer 1001 sent piece 138 to Peer 1002
[2024-12-01 22:05:52]: Peer 1001 sent piece 211 to Peer 1002
[2024-12-01 22:05:52]: Peer 1001 sent piece 267 to Peer 1002
[2024-12-01 22:05:52]: Peer 1001 sent piece 65 to Peer 1002
[2024-12-01 22:05:52]: Peer 1001 sent piece 182 to Peer 1002
[2024-12-01 22:05:52]: Peer 1001 sent piece 255 to Peer 1002
[2024-12-01 22:05:52]: Peer 1001 sent piece 292 to Peer 1002
[2024-12-01 22:05:52]: Peer 1001 sent piece 213 to Peer 1002
[2024-12-01 22:05:52]: Peer 1001 sent piece 8 to Peer 1002
[2024-12-01 22:05:52]: Peer 1001 sent piece 113 to Peer 1002
[2024-12-01 22:05:52]: Peer 1001 sent piece 272 to Peer 1002
[2024-12-01 22:05:52]: Peer 1001 sent piece 221 to Peer 1002
[2024-12-01 22:05:52]: Peer 1001 sent piece 131 to Peer 1002
[2024-12-01 22:05:52]: Peer 1001 sent piece 101 to Peer 1002
[2024-12-01 22:05:52]: Peer 1001 sent piece 243 to Peer 1002
[2024-12-01 22:05:52]: Peer 1001 sent piece 18 to Peer 1002
[2024-12-01 22:05:52]: Peer 1001 sent piece 54 to Peer 1002
[2024-12-01 22:05:52]: Peer 1001 sent piece 127 to Peer 1002
[2024-12-01 22:05:52]: Peer 1001 sent piece 250 to Peer 1002
[2024-12-01 22:05:52]: Peer 1001 sent piece 163 to Peer 1002
[2024-12-01 22:05:52]: Peer 1001 sent piece 33 to Peer 1002
[2024-12-01 22:05:52]: Peer 1001 sent piece 80 to Peer 1002
[2024-12-01 22:05:52]: Peer 1001 sent piece 261 to Peer 1002
[2024-12-01 22:05:52]: Peer 1001 sent piece 284 to Peer 1002
[2024-12-01 22:05:52]: Peer 1001 sent piece 81 to Peer 1002
[2024-12-01 22:05:52]: Peer 1001 sent piece 125 to Peer 1002
[2024-12-01 22:05:52]: Peer 1001 sent piece 40 to Peer 1002
[2024-12-01 22:05:52]: Peer 1001 sent piece 237 to Peer 1002
[2024-12-01 22:05:52]: Peer 1001 sent piece 173 to Peer 1002
[2024-12-01 22:05:52]: Peer 1001 sent piece 4 to Peer 1002
[2024-12-01 22:05:52]: Peer 1001 sent piece 220 to Peer 1002
[2024-12-01 22:05:52]: Peer 1001 sent piece 95 to Peer 1002
[2024-12-01 22:05:52]: Peer 1001 sent piece 177 to Peer 1002
[2024-12-01 22:05:52]: Peer 1001 sent piece 91 to Peer 1002
[2024-12-01 22:05:52]: Peer 1001 sent piece 273 to Peer 1002
[2024-12-01 22:05:52]: Peer 1001 sent piece 100 to Peer 1002
[2024-12-01 22:05:52]: Peer 1001 sent piece 278 to Peer 1002
[2024-12-01 22:05:52]: Peer 1001 sent piece 7 to Peer 1002
[2024-12-01 22:05:52]: Peer 1001 sent piece 93 to Peer 1002
[2024-12-01 22:05:52]: Peer 1001 sent piece 241 to Peer 1002
[2024-12-01 22:05:52]: Peer 1001 sent piece 68 to Peer 1002
[2024-12-01 22:05:52]: Peer 1001 sent piece 238 to Peer 1002
[2024-12-01 22:05:52]: Peer 1001 sent piece 42 to Peer 1002
[2024-12-01 22:05:52]: Peer 1001 sent piece 191 to Peer 1002
[2024-12-01 22:05:52]: Peer 1001 sent piece 15 to Peer 1002
[2024-12-01 22:05:52]: Peer 1001 sent piece 139 to Peer 1002
[2024-12-01 22:05:52]: Peer 1001 sent piece 76 to Peer 1002
[2024-12-01 22:05:52]: Peer 1001 sent piece 30 to Peer 1002
[2024-12-01 22:05:52]: Peer 1001 sent piece 199 to Peer 1002
[2024-12-01 22:05:52]: Peer 1001 sent piece 171 to Peer 1002
[2024-12-01 22:05:52]: Peer 1001 sent piece 205 to Peer 1002
[2024-12-01 22:05:52]: Peer 1001 sent piece 265 to Peer 1002
[2024-12-01 22:05:52]: Peer 1001 sent piece 72 to Peer 1002
[2024-12-01 22:05:52]: Peer 1001 sent piece 286 to Peer 1002
[2024-12-01 22:05:52]: Peer 1001 sent piece 226 to Peer 1002
[2024-12-01 22:05:52]: Peer 1001 sent piece 249 to Peer 1002
[2024-12-01 22:05:52]: Peer 1001 sent piece 223 to Peer 1002
[2024-12-01 22:05:52]: Peer 1001 sent piece 252 to Peer 1002
[2024-12-01 22:05:52]: Peer 1001 received the 'not interested' message from Peer 1002
[2024-12-01 22:05:57]: Peer 1001 has the preferred neighbors []
[2024-12-01 22:06:02]: Peer 1001 has the preferred neighbors []
[2024-12-01 22:06:07]: Peer 1001 choked Peer 1002
[2024-12-01 22:06:07]: Peer 1001 has the preferred neighbors []
[2024-12-01 22:06:12]: Peer 1001 has the preferred neighbors []
[2024-12-01 22:06:17]: Peer 1001 has the preferred neighbors []
[2024-12-01 22:06:22]: Peer 1001 has the preferred neighbors []
[2024-12-01 22:06:27]: Peer 1001 has the preferred neighbors []
[2024-12-01 22:06:32]: Peer 1001 has the preferred neighbors []
[2024-12-01 22:06:37]: Peer 1001 has the preferred neighbors []
[2024-12-01 22:06:42]: Peer 1001 has the preferred neighbors []
[2024-12-01 22:06:47]: Peer 1001 has the preferred neighbors []
[2024-12-01 22:06:52]: Peer 1001 has the preferred neighbors []
[2024-12-01 22:06:57]: Peer 1001 has the preferred neighbors []
[2024-12-01 22:07:02]: Peer 1001 has the preferred neighbors []
[2024-12-01 22:07:07]: Peer 1001 has the preferred neighbors []
[2024-12-01 22:07:12]: Peer 1001 has the preferred neighbors []
[2024-12-01 22:07:17]: Peer 1001 has the preferred neighbors []
[2024-12-01 22:07:22]: Peer 1001 has the preferred neighbors []
[2024-12-01 22:07:27]: Peer 1001 has the preferred neighbors []
[2024-12-01 22:07:32]: Peer 1001 has the preferred neighbors []
[2024-12-01 22:07:37]: Peer 1001 has the preferred neighbors []
[2024-12-01 22:07:42]: Peer 1001 has the preferred neighbors []
[2024-12-01 22:07:47]: Peer 1001 has the preferred neighbors []
[2024-12-01 22:07:52]: Peer 1001 has the preferred neighbors []
[2024-12-01 22:07:57]: Peer 1001 has the preferred neighbors []
[2024-12-01 22:08:02]: Peer 1001 has the preferred neighbors []
[2024-12-01 22:08:07]: Peer 1001 has the preferred neighbors []
[2024-12-01 22:08:12]: Peer 1001 has the preferred neighbors []
[2024-12-01 22:08:17]: Peer 1001 has the preferred neighbors []
[2024-12-01 22:08:22]: Peer 1001 has the preferred neighbors []
[2024-12-01 22:08:25]: Peer 1001 is connected from Peer 1003
[2024-12-01 22:08:25]: Peer 1001 received the 'interested' message from Peer 1003
[2024-12-01 22:08:26]: Peer 1001 received the 'have' message from Peer 1003 for the piece 145
[2024-12-01 22:08:26]: Peer 1001 received the 'have' message from Peer 1003 for the piece 73
[2024-12-01 22:08:26]: Peer 1001 received the 'have' message from Peer 1003 for the piece 82
[2024-12-01 22:08:26]: Peer 1001 received the 'have' message from Peer 1003 for the piece 111
[2024-12-01 22:08:26]: Peer 1001 received the 'have' message from Peer 1003 for the piece 98
[2024-12-01 22:08:26]: Peer 1001 received the 'have' message from Peer 1003 for the piece 80
[2024-12-01 22:08:26]: Peer 1001 received the 'have' message from Peer 1003 for the piece 13
[2024-12-01 22:08:26]: Peer 1001 received the 'have' message from Peer 1003 for the piece 109
[2024-12-01 22:08:26]: Peer 1001 received the 'have' message from Peer 1003 for the piece 44
[2024-12-01 22:08:26]: Peer 1001 received the 'have' message from Peer 1003 for the piece 30
[2024-12-01 22:08:26]: Peer 1001 received the 'have' message from Peer 1003 for the piece 51
[2024-12-01 22:08:26]: Peer 1001 received the 'have' message from Peer 1003 for the piece 38
[2024-12-01 22:08:26]: Peer 1001 received the 'have' message from Peer 1003 for the piece 79
[2024-12-01 22:08:26]: Peer 1001 received the 'have' message from Peer 1003 for the piece 116
[2024-12-01 22:08:26]: Peer 1001 received the 'have' message from Peer 1003 for the piece 100
[2024-12-01 22:08:26]: Peer 1001 received the 'have' message from Peer 1003 for the piece 298
[2024-12-01 22:08:26]: Peer 1001 received the 'have' message from Peer 1003 for the piece 305
[2024-12-01 22:08:26]: Peer 1001 received the 'have' message from Peer 1003 for the piece 151
[2024-12-01 22:08:26]: Peer 1001 received the 'have' message from Peer 1003 for the piece 6
[2024-12-01 22:08:26]: Peer 1001 received the 'have' message from Peer 1003 for the piece 66
[2024-12-01 22:08:26]: Peer 1001 received the 'have' message from Peer 1003 for the piece 40
[2024-12-01 22:08:26]: Peer 1001 received the 'have' message from Peer 1003 for the piece 292
[2024-12-01 22:08:26]: Peer 1001 received the 'have' message from Peer 1003 for the piece 34
[2024-12-01 22:08:26]: Peer 1001 received the 'have' message from Peer 1003 for the piece 196
[2024-12-01 22:08:26]: Peer 1001 received the 'have' message from Peer 1003 for the piece 96
[2024-12-01 22:08:26]: Peer 1001 received the 'have' message from Peer 1003 for the piece 54
[2024-12-01 22:08:26]: Peer 1001 received the 'have' message from Peer 1003 for the piece 91
[2024-12-01 22:08:26]: Peer 1001 received the 'have' message from Peer 1003 for the piece 21
[2024-12-01 22:08:26]: Peer 1001 received the 'have' message from Peer 1003 for the piece 129
[2024-12-01 22:08:26]: Peer 1001 received the 'have' message from Peer 1003 for the piece 45
[2024-12-01 22:08:26]: Peer 1001 received the 'have' message from Peer 1003 for the piece 177
[2024-12-01 22:08:26]: Peer 1001 received the 'have' message from Peer 1003 for the piece 103
[2024-12-01 22:08:26]: Peer 1001 received the 'have' message from Peer 1003 for the piece 72
[2024-12-01 22:08:26]: Peer 1001 received the 'have' message from Peer 1003 for the piece 47
[2024-12-01 22:08:26]: Peer 1001 received the 'have' message from Peer 1003 for the piece 32
[2024-12-01 22:08:26]: Peer 1001 received the 'have' message from Peer 1003 for the piece 169
[2024-12-01 22:08:26]: Peer 1001 received the 'have' message from Peer 1003 for the piece 127
[2024-12-01 22:08:26]: Peer 1001 received the 'have' message from Peer 1003 for the piece 161
[2024-12-01 22:08:26]: Peer 1001 received the 'have' message from Peer 1003 for the piece 81
[2024-12-01 22:08:26]: Peer 1001 received the 'have' message from Peer 1003 for the piece 303
[2024-12-01 22:08:26]: Peer 1001 received the 'have' message from Peer 1003 for the piece 59
[2024-12-01 22:08:26]: Peer 1001 received the 'have' message from Peer 1003 for the piece 260
[2024-12-01 22:08:26]: Peer 1001 received the 'have' message from Peer 1003 for the piece 269
[2024-12-01 22:08:26]: Peer 1001 received the 'have' message from Peer 1003 for the piece 26
[2024-12-01 22:08:26]: Peer 1001 received the 'have' message from Peer 1003 for the piece 254
[2024-12-01 22:08:26]: Peer 1001 received the 'have' message from Peer 1003 for the piece 204
[2024-12-01 22:08:26]: Peer 1001 received the 'have' message from Peer 1003 for the piece 69
[2024-12-01 22:08:26]: Peer 1001 received the 'have' message from Peer 1003 for the piece 170
[2024-12-01 22:08:26]: Peer 1001 received the 'have' message from Peer 1003 for the piece 126
[2024-12-01 22:08:26]: Peer 1001 received the 'have' message from Peer 1003 for the piece 102
[2024-12-01 22:08:26]: Peer 1001 received the 'have' message from Peer 1003 for the piece 251
[2024-12-01 22:08:26]: Peer 1001 received the 'have' message from Peer 1003 for the piece 271
[2024-12-01 22:08:26]: Peer 1001 received the 'have' message from Peer 1003 for the piece 200
[2024-12-01 22:08:26]: Peer 1001 received the 'have' message from Peer 1003 for the piece 231
[2024-12-01 22:08:26]: Peer 1001 received the 'have' message from Peer 1003 for the piece 101
[2024-12-01 22:08:26]: Peer 1001 received the 'have' message from Peer 1003 for the piece 192
[2024-12-01 22:08:26]: Peer 1001 received the 'have' message from Peer 1003 for the piece 154
[2024-12-01 22:08:26]: Peer 1001 received the 'have' message from Peer 1003 for the piece 253
[2024-12-01 22:08:26]: Peer 1001 received the 'have' message from Peer 1003 for the piece 42
[2024-12-01 22:08:26]: Peer 1001 received the 'have' message from Peer 1003 for the piece 99
[2024-12-01 22:08:26]: Peer 1001 received the 'have' message from Peer 1003 for the piece 135
[2024-12-01 22:08:26]: Peer 1001 received the 'have' message from Peer 1003 for the piece 128
[2024-12-01 22:08:26]: Peer 1001 received the 'have' message from Peer 1003 for the piece 176
[2024-12-01 22:08:26]: Peer 1001 received the 'have' message from Peer 1003 for the piece 197
[2024-12-01 22:08:26]: Peer 1001 received the 'have' message from Peer 1003 for the piece 195
[2024-12-01 22:08:26]: Peer 1001 received the 'have' message from Peer 1003 for the piece 133
[2024-12-01 22:08:26]: Peer 1001 received the 'have' message from Peer 1003 for the piece 150
[2024-12-01 22:08:26]: Peer 1001 received the 'have' message from Peer 1003 for the piece 248
[2024-12-01 22:08:26]: Peer 1001 received the 'have' message from Peer 1003 for the piece 168
[2024-12-01 22:08:26]: Peer 1001 received the 'have' message from Peer 1003 for the piece 64
[2024-12-01 22:08:26]: Peer 1001 received the 'have' message from Peer 1003 for the piece 287
[2024-12-01 22:08:26]: Peer 1001 received the 'have' message from Peer 1003 for the piece 35
[2024-12-01 22:08:26]: Peer 1001 received the 'have' message from Peer 1003 for the piece 242
[2024-12-01 22:08:26]: Peer 1001 received the 'have' message from Peer 1003 for the piece 286
[2024-12-01 22:08:26]: Peer 1001 received the 'have' message from Peer 1003 for the piece 153
[2024-12-01 22:08:26]: Peer 1001 received the 'have' message from Peer 1003 for the piece 210
[2024-12-01 22:08:26]: Peer 1001 received the 'have' message from Peer 1003 for the piece 273
[2024-12-01 22:08:26]: Peer 1001 received the 'have' message from Peer 1003 for the piece 3
[2024-12-01 22:08:26]: Peer 1001 received the 'have' message from Peer 1003 for the piece 299
[2024-12-01 22:08:26]: Peer 1001 received the 'have' message from Peer 1003 for the piece 304
[2024-12-01 22:08:26]: Peer 1001 received the 'have' message from Peer 1003 for the piece 172
[2024-12-01 22:08:26]: Peer 1001 received the 'have' message from Peer 1003 for the piece 252
[2024-12-01 22:08:26]: Peer 1001 received the 'have' message from Peer 1003 for the piece 93
[2024-12-01 22:08:26]: Peer 1001 received the 'have' message from Peer 1003 for the piece 227
[2024-12-01 22:08:26]: Peer 1001 received the 'have' message from Peer 1003 for the piece 106
[2024-12-01 22:08:26]: Peer 1001 received the 'have' message from Peer 1003 for the piece 207
[2024-12-01 22:08:26]: Peer 1001 received the 'have' message from Peer 1003 for the piece 262
[2024-12-01 22:08:26]: Peer 1001 received the 'have' message from Peer 1003 for the piece 53
[2024-12-01 22:08:26]: Peer 1001 received the 'have' message from Peer 1003 for the piece 266
[2024-12-01 22:08:26]: Peer 1001 received the 'have' message from Peer 1003 for the piece 58
[2024-12-01 22:08:26]: Peer 1001 received the 'have' message from Peer 1003 for the piece 188
[2024-12-01 22:08:26]: Peer 1001 received the 'have' message from Peer 1003 for the piece 186
[2024-12-01 22:08:26]: Peer 1001 received the 'have' message from Peer 1003 for the piece 49
[2024-12-01 22:08:26]: Peer 1001 received the 'have' message from Peer 1003 for the piece 244
[2024-12-01 22:08:26]: Peer 1001 received the 'have' message from Peer 1003 for the piece 7
[2024-12-01 22:08:26]: Peer 1001 received the 'have' message from Peer 1003 for the piece 274
[2024-12-01 22:08:26]: Peer 1001 received the 'have' message from Peer 1003 for the piece 183
[2024-12-01 22:08:26]: Peer 1001 received the 'have' message from Peer 1003 for the piece 217
[2024-12-01 22:08:26]: Peer 1001 received the 'have' message from Peer 1003 for the piece 223
[2024-12-01 22:08:26]: Peer 1001 received the 'have' message from Peer 1003 for the piece 31
[2024-12-01 22:08:26]: Peer 1001 received the 'have' message from Peer 1003 for the piece 229
[2024-12-01 22:08:26]: Peer 1001 received the 'have' message from Peer 1003 for the piece 121
[2024-12-01 22:08:26]: Peer 1001 received the 'have' message from Peer 1003 for the piece 279
[2024-12-01 22:08:26]: Peer 1001 received the 'have' message from Peer 1003 for the piece 250
[2024-12-01 22:08:26]: Peer 1001 received the 'have' message from Peer 1003 for the piece 187
[2024-12-01 22:08:26]: Peer 1001 received the 'have' message from Peer 1003 for the piece 293
[2024-12-01 22:08:26]: Peer 1001 received the 'have' message from Peer 1003 for the piece 198
[2024-12-01 22:08:26]: Peer 1001 received the 'have' message from Peer 1003 for the piece 295
[2024-12-01 22:08:26]: Peer 1001 received the 'have' message from Peer 1003 for the piece 41
[2024-12-01 22:08:26]: Peer 1001 received the 'have' message from Peer 1003 for the piece 78
[2024-12-01 22:08:26]: Peer 1001 received the 'have' message from Peer 1003 for the piece 290
[2024-12-01 22:08:26]: Peer 1001 received the 'have' message from Peer 1003 for the piece 68
[2024-12-01 22:08:26]: Peer 1001 received the 'have' message from Peer 1003 for the piece 241
[2024-12-01 22:08:26]: Peer 1001 received the 'have' message from Peer 1003 for the piece 65
[2024-12-01 22:08:26]: Peer 1001 received the 'have' message from Peer 1003 for the piece 259
[2024-12-01 22:08:26]: Peer 1001 received the 'have' message from Peer 1003 for the piece 71
[2024-12-01 22:08:26]: Peer 1001 received the 'have' message from Peer 1003 for the piece 225
[2024-12-01 22:08:26]: Peer 1001 received the 'have' message from Peer 1003 for the piece 33
[2024-12-01 22:08:26]: Peer 1001 received the 'have' message from Peer 1003 for the piece 8
[2024-12-01 22:08:26]: Peer 1001 received the 'have' message from Peer 1003 for the piece 94
[2024-12-01 22:08:26]: Peer 1001 received the 'have' message from Peer 1003 for the piece 240
[2024-12-01 22:08:26]: Peer 1001 received the 'have' message from Peer 1003 for the piece 268
[2024-12-01 22:08:26]: Peer 1001 received the 'have' message from Peer 1003 for the piece 265
[2024-12-01 22:08:26]: Peer 1001 received the 'have' message from Peer 1003 for the piece 157
[2024-12-01 22:08:26]: Peer 1001 received the 'have' message from Peer 1003 for the piece 131
[2024-12-01 22:08:26]: Peer 1001 received the 'have' message from Peer 1003 for the piece 201
[2024-12-01 22:08:26]: Peer 1001 received the 'have' message from Peer 1003 for the piece 166
[2024-12-01 22:08:26]: Peer 1001 received the 'have' message from Peer 1003 for the piece 178
[2024-12-01 22:08:26]: Peer 1001 received the 'have' message from Peer 1003 for the piece 138
[2024-12-01 22:08:26]: Peer 1001 received the 'have' message from Peer 1003 for the piece 285
[2024-12-01 22:08:26]: Peer 1001 received the 'have' message from Peer 1003 for the piece 230
[2024-12-01 22:08:26]: Peer 1001 received the 'have' message from Peer 1003 for the piece 180
[2024-12-01 22:08:26]: Peer 1001 received the 'have' message from Peer 1003 for the piece 110
[2024-12-01 22:08:26]: Peer 1001 received the 'have' message from Peer 1003 for the piece 10
[2024-12-01 22:08:26]: Peer 1001 received the 'have' message from Peer 1003 for the piece 148
[2024-12-01 22:08:26]: Peer 1001 received the 'have' message from Peer 1003 for the piece 117
[2024-12-01 22:08:26]: Peer 1001 received the 'have' message from Peer 1003 for the piece 12
[2024-12-01 22:08:26]: Peer 1001 received the 'have' message from Peer 1003 for the piece 258
[2024-12-01 22:08:26]: Peer 1001 received the 'have' message from Peer 1003 for the piece 221
[2024-12-01 22:08:26]: Peer 1001 received the 'have' message from Peer 1003 for the piece 86
[2024-12-01 22:08:26]: Peer 1001 received the 'have' message from Peer 1003 for the piece 280
[2024-12-01 22:08:26]: Peer 1001 received the 'have' message from Peer 1003 for the piece 171
[2024-12-01 22:08:26]: Peer 1001 received the 'have' message from Peer 1003 for the piece 1
[2024-12-01 22:08:26]: Peer 1001 received the 'have' message from Peer 1003 for the piece 29
[2024-12-01 22:08:26]: Peer 1001 received the 'have' message from Peer 1003 for the piece 83
[2024-12-01 22:08:26]: Peer 1001 received the 'have' message from Peer 1003 for the piece 43
[2024-12-01 22:08:26]: Peer 1001 received the 'have' message from Peer 1003 for the piece 22
[2024-12-01 22:08:26]: Peer 1001 received the 'have' message from Peer 1003 for the piece 130
[2024-12-01 22:08:26]: Peer 1001 received the 'have' message from Peer 1003 for the piece 15
[2024-12-01 22:08:26]: Peer 1001 received the 'have' message from Peer 1003 for the piece 97
[2024-12-01 22:08:26]: Peer 1001 received the 'have' message from Peer 1003 for the piece 112
[2024-12-01 22:08:26]: Peer 1001 received the 'have' message from Peer 1003 for the piece 120
[2024-12-01 22:08:26]: Peer 1001 received the 'have' message from Peer 1003 for the piece 90
[2024-12-01 22:08:26]: Peer 1001 received the 'have' message from Peer 1003 for the piece 107
[2024-12-01 22:08:26]: Peer 1001 received the 'have' message from Peer 1003 for the piece 214
[2024-12-01 22:08:26]: Peer 1001 received the 'have' message from Peer 1003 for the piece 163
[2024-12-01 22:08:26]: Peer 1001 received the 'have' message from Peer 1003 for the piece 212
[2024-12-01 22:08:26]: Peer 1001 received the 'have' message from Peer 1003 for the piece 193
[2024-12-01 22:08:26]: Peer 1001 received the 'have' message from Peer 1003 for the piece 181
[2024-12-01 22:08:26]: Peer 1001 received the 'have' message from Peer 1003 for the piece 85
[2024-12-01 22:08:26]: Peer 1001 received the 'have' message from Peer 1003 for the piece 134
[2024-12-01 22:08:26]: Peer 1001 received the 'have' message from Peer 1003 for the piece 278
[2024-12-01 22:08:26]: Peer 1001 received the 'have' message from Peer 1003 for the piece 70
[2024-12-01 22:08:26]: Peer 1001 received the 'have' message from Peer 1003 for the piece 156
[2024-12-01 22:08:26]: Peer 1001 received the 'have' message from Peer 1003 for the piece 9
[2024-12-01 22:08:26]: Peer 1001 received the 'have' message from Peer 1003 for the piece 173
[2024-12-01 22:08:26]: Peer 1001 received the 'have' message from Peer 1003 for the piece 301
[2024-12-01 22:08:26]: Peer 1001 received the 'have' message from Peer 1003 for the piece 147
[2024-12-01 22:08:26]: Peer 1001 received the 'have' message from Peer 1003 for the piece 61
[2024-12-01 22:08:26]: Peer 1001 received the 'have' message from Peer 1003 for the piece 191
[2024-12-01 22:08:26]: Peer 1001 received the 'have' message from Peer 1003 for the piece 142
[2024-12-01 22:08:26]: Peer 1001 received the 'have' message from Peer 1003 for the piece 256
[2024-12-01 22:08:26]: Peer 1001 received the 'have' message from Peer 1003 for the piece 159
[2024-12-01 22:08:26]: Peer 1001 received the 'have' message from Peer 1003 for the piece 50
[2024-12-01 22:08:26]: Peer 1001 received the 'have' message from Peer 1003 for the piece 141
[2024-12-01 22:08:26]: Peer 1001 received the 'have' message from Peer 1003 for the piece 228
[2024-12-01 22:08:26]: Peer 1001 received the 'have' message from Peer 1003 for the piece 296
[2024-12-01 22:08:26]: Peer 1001 received the 'have' message from Peer 1003 for the piece 24
[2024-12-01 22:08:26]: Peer 1001 received the 'have' message from Peer 1003 for the piece 76
[2024-12-01 22:08:26]: Peer 1001 received the 'have' message from Peer 1003 for the piece 140
[2024-12-01 22:08:26]: Peer 1001 received the 'have' message from Peer 1003 for the piece 267
[2024-12-01 22:08:26]: Peer 1001 received the 'have' message from Peer 1003 for the piece 77
[2024-12-01 22:08:26]: Peer 1001 received the 'have' message from Peer 1003 for the piece 272
[2024-12-01 22:08:26]: Peer 1001 received the 'have' message from Peer 1003 for the piece 137
[2024-12-01 22:08:26]: Peer 1001 received the 'have' message from Peer 1003 for the piece 162
[2024-12-01 22:08:26]: Peer 1001 received the 'have' message from Peer 1003 for the piece 132
[2024-12-01 22:08:26]: Peer 1001 received the 'have' message from Peer 1003 for the piece 16
[2024-12-01 22:08:26]: Peer 1001 received the 'have' message from Peer 1003 for the piece 14
[2024-12-01 22:08:26]: Peer 1001 received the 'have' message from Peer 1003 for the piece 27
[2024-12-01 22:08:26]: Peer 1001 received the 'have' message from Peer 1003 for the piece 105
[2024-12-01 22:08:26]: Peer 1001 received the 'have' message from Peer 1003 for the piece 0
[2024-12-01 22:08:26]: Peer 1001 received the 'have' message from Peer 1003 for the piece 182
[2024-12-01 22:08:26]: Peer 1001 received the 'have' message from Peer 1003 for the piece 185
[2024-12-01 22:08:26]: Peer 1001 received the 'have' message from Peer 1003 for the piece 143
[2024-12-01 22:08:26]: Peer 1001 received the 'have' message from Peer 1003 for the piece 291
[2024-12-01 22:08:26]: Peer 1001 received the 'have' message from Peer 1003 for the piece 55
[2024-12-01 22:08:26]: Peer 1001 received the 'have' message from Peer 1003 for the piece 67
[2024-12-01 22:08:26]: Peer 1001 received the 'have' message from Peer 1003 for the piece 243
[2024-12-01 22:08:26]: Peer 1001 received the 'have' message from Peer 1003 for the piece 114
[2024-12-01 22:08:26]: Peer 1001 received the 'have' message from Peer 1003 for the piece 164
[2024-12-01 22:08:26]: Peer 1001 received the 'have' message from Peer 1003 for the piece 75
[2024-12-01 22:08:26]: Peer 1001 received the 'have' message from Peer 1003 for the piece 125
[2024-12-01 22:08:26]: Peer 1001 received the 'have' message from Peer 1003 for the piece 36
[2024-12-01 22:08:26]: Peer 1001 received the 'have' message from Peer 1003 for the piece 48
[2024-12-01 22:08:26]: Peer 1001 received the 'have' message from Peer 1003 for the piece 249
[2024-12-01 22:08:26]: Peer 1001 received the 'have' message from Peer 1003 for the piece 263
[2024-12-01 22:08:26]: Peer 1001 received the 'have' message from Peer 1003 for the piece 39
[2024-12-01 22:08:26]: Peer 1001 received the 'have' message from Peer 1003 for the piece 184
[2024-12-01 22:08:26]: Peer 1001 received the 'have' message from Peer 1003 for the piece 226
[2024-12-01 22:08:26]: Peer 1001 received the 'have' message from Peer 1003 for the piece 87
[2024-12-01 22:08:26]: Peer 1001 received the 'have' message from Peer 1003 for the piece 63
[2024-12-01 22:08:26]: Peer 1001 received the 'have' message from Peer 1003 for the piece 239
[2024-12-01 22:08:26]: Peer 1001 received the 'have' message from Peer 1003 for the piece 224
[2024-12-01 22:08:26]: Peer 1001 received the 'have' message from Peer 1003 for the piece 18
[2024-12-01 22:08:26]: Peer 1001 received the 'have' message from Peer 1003 for the piece 276
[2024-12-01 22:08:26]: Peer 1001 received the 'have' message from Peer 1003 for the piece 284
[2024-12-01 22:08:26]: Peer 1001 received the 'have' message from Peer 1003 for the piece 123
[2024-12-01 22:08:26]: Peer 1001 received the 'have' message from Peer 1003 for the piece 4
[2024-12-01 22:08:26]: Peer 1001 received the 'have' message from Peer 1003 for the piece 52
[2024-12-01 22:08:26]: Peer 1001 received the 'have' message from Peer 1003 for the piece 144
[2024-12-01 22:08:26]: Peer 1001 received the 'have' message from Peer 1003 for the piece 174
[2024-12-01 22:08:26]: Peer 1001 received the 'have' message from Peer 1003 for the piece 46
[2024-12-01 22:08:26]: Peer 1001 received the 'have' message from Peer 1003 for the piece 220
[2024-12-01 22:08:26]: Peer 1001 received the 'have' message from Peer 1003 for the piece 62
[2024-12-01 22:08:26]: Peer 1001 received the 'have' message from Peer 1003 for the piece 124
[2024-12-01 22:08:26]: Peer 1001 received the 'have' message from Peer 1003 for the piece 158
[2024-12-01 22:08:26]: Peer 1001 received the 'have' message from Peer 1003 for the piece 57
[2024-12-01 22:08:26]: Peer 1001 received the 'have' message from Peer 1003 for the piece 165
[2024-12-01 22:08:26]: Peer 1001 received the 'have' message from Peer 1003 for the piece 202
[2024-12-01 22:08:26]: Peer 1001 received the 'have' message from Peer 1003 for the piece 175
[2024-12-01 22:08:26]: Peer 1001 received the 'have' message from Peer 1003 for the piece 92
[2024-12-01 22:08:26]: Peer 1001 received the 'have' message from Peer 1003 for the piece 245
[2024-12-01 22:08:26]: Peer 1001 received the 'have' message from Peer 1003 for the piece 17
[2024-12-01 22:08:26]: Peer 1001 received the 'have' message from Peer 1003 for the piece 257
[2024-12-01 22:08:26]: Peer 1001 received the 'have' message from Peer 1003 for the piece 28
[2024-12-01 22:08:26]: Peer 1001 received the 'have' message from Peer 1003 for the piece 11
[2024-12-01 22:08:26]: Peer 1001 received the 'have' message from Peer 1003 for the piece 115
[2024-12-01 22:08:26]: Peer 1001 received the 'have' message from Peer 1003 for the piece 282
[2024-12-01 22:08:26]: Peer 1001 received the 'have' message from Peer 1003 for the piece 236
[2024-12-01 22:08:26]: Peer 1001 received the 'have' message from Peer 1003 for the piece 37
[2024-12-01 22:08:26]: Peer 1001 received the 'have' message from Peer 1003 for the piece 84
[2024-12-01 22:08:26]: Peer 1001 received the 'have' message from Peer 1003 for the piece 108
[2024-12-01 22:08:26]: Peer 1001 received the 'have' message from Peer 1003 for the piece 189
[2024-12-01 22:08:26]: Peer 1001 received the 'have' message from Peer 1003 for the piece 218
[2024-12-01 22:08:26]: Peer 1001 received the 'have' message from Peer 1003 for the piece 211
[2024-12-01 22:08:26]: Peer 1001 received the 'have' message from Peer 1003 for the piece 89
[2024-12-01 22:08:26]: Peer 1001 received the 'have' message from Peer 1003 for the piece 95
[2024-12-01 22:08:26]: Peer 1001 received the 'have' message from Peer 1003 for the piece 113
[2024-12-01 22:08:26]: Peer 1001 received the 'have' message from Peer 1003 for the piece 235
[2024-12-01 22:08:26]: Peer 1001 received the 'have' message from Peer 1003 for the piece 146
[2024-12-01 22:08:26]: Peer 1001 received the 'have' message from Peer 1003 for the piece 155
[2024-12-01 22:08:26]: Peer 1001 received the 'have' message from Peer 1003 for the piece 199
[2024-12-01 22:08:26]: Peer 1001 received the 'have' message from Peer 1003 for the piece 167
[2024-12-01 22:08:26]: Peer 1001 received the 'have' message from Peer 1003 for the piece 88
[2024-12-01 22:08:26]: Peer 1001 received the 'have' message from Peer 1003 for the piece 152
[2024-12-01 22:08:26]: Peer 1001 received the 'have' message from Peer 1003 for the piece 190
[2024-12-01 22:08:26]: Peer 1001 received the 'have' message from Peer 1003 for the piece 297
[2024-12-01 22:08:26]: Peer 1001 received the 'have' message from Peer 1003 for the piece 205
[2024-12-01 22:08:26]: Peer 1001 received the 'have' message from Peer 1003 for the piece 23
[2024-12-01 22:08:26]: Peer 1001 received the 'have' message from Peer 1003 for the piece 216
[2024-12-01 22:08:26]: Peer 1001 received the 'have' message from Peer 1003 for the piece 288
[2024-12-01 22:08:26]: Peer 1001 received the 'have' message from Peer 1003 for the piece 247
[2024-12-01 22:08:26]: Peer 1001 received the 'have' message from Peer 1003 for the piece 246
[2024-12-01 22:08:26]: Peer 1001 received the 'have' message from Peer 1003 for the piece 206
[2024-12-01 22:08:26]: Peer 1001 received the 'have' message from Peer 1003 for the piece 60
[2024-12-01 22:08:26]: Peer 1001 received the 'have' message from Peer 1003 for the piece 277
[2024-12-01 22:08:26]: Peer 1001 received the 'have' message from Peer 1003 for the piece 56
[2024-12-01 22:08:26]: Peer 1001 received the 'have' message from Peer 1003 for the piece 194
[2024-12-01 22:08:26]: Peer 1001 received the 'have' message from Peer 1003 for the piece 203
[2024-12-01 22:08:26]: Peer 1001 received the 'have' message from Peer 1003 for the piece 232
[2024-12-01 22:08:26]: Peer 1001 received the 'have' message from Peer 1003 for the piece 300
[2024-12-01 22:08:26]: Peer 1001 received the 'have' message from Peer 1003 for the piece 149
[2024-12-01 22:08:26]: Peer 1001 received the 'have' message from Peer 1003 for the piece 139
[2024-12-01 22:08:26]: Peer 1001 received the 'have' message from Peer 1003 for the piece 261
[2024-12-01 22:08:26]: Peer 1001 received the 'have' message from Peer 1003 for the piece 302
[2024-12-01 22:08:26]: Peer 1001 received the 'have' message from Peer 1003 for the piece 20
[2024-12-01 22:08:26]: Peer 1001 received the 'have' message from Peer 1003 for the piece 209
[2024-12-01 22:08:26]: Peer 1001 received the 'have' message from Peer 1003 for the piece 283
[2024-12-01 22:08:26]: Peer 1001 received the 'have' message from Peer 1003 for the piece 19
[2024-12-01 22:08:26]: Peer 1001 received the 'have' message from Peer 1003 for the piece 136
[2024-12-01 22:08:26]: Peer 1001 received the 'have' message from Peer 1003 for the piece 233
[2024-12-01 22:08:26]: Peer 1001 received the 'have' message from Peer 1003 for the piece 294
[2024-12-01 22:08:26]: Peer 1001 received the 'have' message from Peer 1003 for the piece 281
[2024-12-01 22:08:26]: Peer 1001 received the 'have' message from Peer 1003 for the piece 160
[2024-12-01 22:08:26]: Peer 1001 received the 'have' message from Peer 1003 for the piece 74
[2024-12-01 22:08:26]: Peer 1001 received the 'have' message from Peer 1003 for the piece 255
[2024-12-01 22:08:26]: Peer 1001 received the 'have' message from Peer 1003 for the piece 222
[2024-12-01 22:08:26]: Peer 1001 received the 'have' message from Peer 1003 for the piece 238
[2024-12-01 22:08:26]: Peer 1001 received the 'have' message from Peer 1003 for the piece 25
[2024-12-01 22:08:26]: Peer 1001 received the 'have' message from Peer 1003 for the piece 208
[2024-12-01 22:08:26]: Peer 1001 received the 'have' message from Peer 1003 for the piece 237
[2024-12-01 22:08:26]: Peer 1001 received the 'have' message from Peer 1003 for the piece 5
[2024-12-01 22:08:26]: Peer 1001 received the 'have' message from Peer 1003 for the piece 264
[2024-12-01 22:08:26]: Peer 1001 received the 'have' message from Peer 1003 for the piece 270
[2024-12-01 22:08:26]: Peer 1001 received the 'have' message from Peer 1003 for the piece 219
[2024-12-01 22:08:26]: Peer 1001 received the 'have' message from Peer 1003 for the piece 215
[2024-12-01 22:08:26]: Peer 1001 received the 'have' message from Peer 1003 for the piece 119
[2024-12-01 22:08:26]: Peer 1001 received the 'have' message from Peer 1003 for the piece 179
[2024-12-01 22:08:26]: Peer 1001 received the 'have' message from Peer 1003 for the piece 289
[2024-12-01 22:08:26]: Peer 1001 received the 'have' message from Peer 1003 for the piece 213
[2024-12-01 22:08:26]: Peer 1001 received the 'have' message from Peer 1003 for the piece 104
[2024-12-01 22:08:26]: Peer 1001 received the 'have' message from Peer 1003 for the piece 118
[2024-12-01 22:08:26]: Peer 1001 received the 'have' message from Peer 1003 for the piece 2
[2024-12-01 22:08:26]: Peer 1001 received the 'have' message from Peer 1003 for the piece 122
[2024-12-01 22:08:26]: Peer 1001 received the 'have' message from Peer 1003 for the piece 234
[2024-12-01 22:08:26]: Peer 1001 received the 'have' message from Peer 1003 for the piece 275
[2024-12-01 22:08:27]: Peer 1001 unchoked Peer 1003
[2024-12-01 22:08:27]: Peer 1001 has the preferred neighbors [1003]
[2024-12-01 22:08:27]: Peer 1001 received the 'not interested' message from Peer 1003
[2024-12-01 22:08:32]: Peer 1001 choked Peer 1003
[2024-12-01 22:08:32]: Peer 1001 has the preferred neighbors []
[2024-12-01 22:08:37]: Peer 1001 has the preferred neighbors []
[2024-12-01 22:08:42]: Peer 1001 has the preferred neighbors []
[2024-12-01 22:08:47]: Peer 1001 has the preferred neighbors []
[2024-12-01 22:08:52]: Peer 1001 has the preferred neighbors []
[2024-12-01 22:08:57]: Peer 1001 has the preferred neighbors []
[2024-12-01 22:09:02]: Peer 1001 has the preferred neighbors []
[2024-12-01 22:09:07]: Peer 1001 has the preferred neighbors []
[2024-12-01 22:09:12]: Peer 1001 has the preferred neighbors []
[2024-12-01 22:09:17]: Peer 1001 has the preferred neighbors []
[2024-12-01 22:09:22]: Peer 1001 has the preferred neighbors []
[2024-12-01 22:09:27]: Peer 1001 has the preferred neighbors []
[2024-12-01 22:09:32]: Peer 1001 has the preferred neighbors []
[2024-12-01 22:09:37]: Peer 1001 has the preferred neighbors []
[2024-12-01 22:09:42]: Peer 1001 has the preferred neighbors []
[2024-12-01 22:09:47]: Peer 1001 has the preferred neighbors []
[2024-12-01 22:09:52]: Peer 1001 has the preferred neighbors []
[2024-12-01 22:09:57]: Peer 1001 has the preferred neighbors []
[2024-12-01 22:10:02]: Peer 1001 has the preferred neighbors []
[2024-12-01 22:10:07]: Peer 1001 has the preferred neighbors []
[2024-12-01 22:10:12]: Peer 1001 has the preferred neighbors []
[2024-12-01 22:10:17]: Peer 1001 has the preferred neighbors []
[2024-12-01 22:10:22]: Peer 1001 has the preferred neighbors []
[2024-12-01 22:10:27]: Peer 1001 has the preferred neighbors []
[2024-12-01 22:10:32]: Peer 1001 has the preferred neighbors []
[2024-12-01 22:10:37]: Peer 1001 has the preferred neighbors []
