[2024-12-01 22:08:25]: Peer 1003 makes a connection to Peer 1002
[2024-12-01 22:08:25]: Peer 1003 received the 'not interested' message from Peer 1001
[2024-12-01 22:08:25]: Peer 1003 received the 'not interested' message from Peer 1002
[2024-12-01 22:08:26]: Peer 1003 is unchoked by Peer 1002
[2024-12-01 22:08:26]: Peer 1003 requested piece 145 from Peer 1002
[2024-12-01 22:08:26]: Peer 1003 has downloaded the piece 145 from Peer 1002. Now the number of pieces it has is 1
[2024-12-01 22:08:26]: Peer 1003 requested piece 73 from Peer 1002
[2024-12-01 22:08:26]: Peer 1003 has downloaded the piece 73 from Peer 1002. Now the number of pieces it has is 2
[2024-12-01 22:08:26]: Peer 1003 requested piece 82 from Peer 1002
[2024-12-01 22:08:26]: Peer 1003 has downloaded the piece 82 from Peer 1002. Now the number of pieces it has is 3
[2024-12-01 22:08:26]: Peer 1003 requested piece 111 from Peer 1002
[2024-12-01 22:08:26]: Peer 1003 has downloaded the piece 111 from Peer 1002. Now the number of pieces it has is 4
[2024-12-01 22:08:26]: Peer 1003 requested piece 98 from Peer 1002
[2024-12-01 22:08:26]: Peer 1003 has downloaded the piece 98 from Peer 1002. Now the number of pieces it has is 5
[2024-12-01 22:08:26]: Peer 1003 requested piece 80 from Peer 1002
[2024-12-01 22:08:26]: Peer 1003 has downloaded the piece 80 from Peer 1002. Now the number of pieces it has is 6
[2024-12-01 22:08:26]: Peer 1003 requested piece 13 from Peer 1002
[2024-12-01 22:08:26]: Peer 1003 has downloaded the piece 13 from Peer 1002. Now the number of pieces it has is 7
[2024-12-01 22:08:26]: Peer 1003 requested piece 109 from Peer 1002
[2024-12-01 22:08:26]: Peer 1003 has downloaded the piece 109 from Peer 1002. Now the number of pieces it has is 8
[2024-12-01 22:08:26]: Peer 1003 requested piece 44 from Peer 1002
[2024-12-01 22:08:26]: Peer 1003 has downloaded the piece 44 from Peer 1002. Now the number of pieces it has is 9
[2024-12-01 22:08:26]: Peer 1003 requested piece 30 from Peer 1002
[2024-12-01 22:08:26]: Peer 1003 has downloaded the piece 30 from Peer 1002. Now the number of pieces it has is 10
[2024-12-01 22:08:26]: Peer 1003 requested piece 51 from Peer 1002
[2024-12-01 22:08:26]: Peer 1003 has downloaded the piece 51 from Peer 1002. Now the number of pieces it has is 11
[2024-12-01 22:08:26]: Peer 1003 requested piece 38 from Peer 1002
[2024-12-01 22:08:26]: Peer 1003 has downloaded the piece 38 from Peer 1002. Now the number of pieces it has is 12
[2024-12-01 22:08:26]: Peer 1003 requested piece 79 from Peer 1002
[2024-12-01 22:08:26]: Peer 1003 has downloaded the piece 79 from Peer 1002. Now the number of pieces it has is 13
[2024-12-01 22:08:26]: Peer 1003 requested piece 116 from Peer 1002
[2024-12-01 22:08:26]: Peer 1003 has downloaded the piece 116 from Peer 1002. Now the number of pieces it has is 14
[2024-12-01 22:08:26]: Peer 1003 requested piece 100 from Peer 1002
[2024-12-01 22:08:26]: Peer 1003 has downloaded the piece 100 from Peer 1002. Now the number of pieces it has is 15
[2024-12-01 22:08:26]: Peer 1003 requested piece 298 from Peer 1002
[2024-12-01 22:08:26]: Peer 1003 has downloaded the piece 298 from Peer 1002. Now the number of pieces it has is 16
[2024-12-01 22:08:26]: Peer 1003 requested piece 305 from Peer 1002
[2024-12-01 22:08:26]: Peer 1003 has downloaded the piece 305 from Peer 1002. Now the number of pieces it has is 17
[2024-12-01 22:08:26]: Peer 1003 requested piece 151 from Peer 1002
[2024-12-01 22:08:26]: Peer 1003 has downloaded the piece 151 from Peer 1002. Now the number of pieces it has is 18
[2024-12-01 22:08:26]: Peer 1003 requested piece 6 from Peer 1002
[2024-12-01 22:08:26]: Peer 1003 has downloaded the piece 6 from Peer 1002. Now the number of pieces it has is 19
[2024-12-01 22:08:26]: Peer 1003 requested piece 66 from Peer 1002
[2024-12-01 22:08:26]: Peer 1003 has downloaded the piece 66 from Peer 1002. Now the number of pieces it has is 20
[2024-12-01 22:08:26]: Peer 1003 requested piece 40 from Peer 1002
[2024-12-01 22:08:26]: Peer 1003 has downloaded the piece 40 from Peer 1002. Now the number of pieces it has is 21
[2024-12-01 22:08:26]: Peer 1003 requested piece 292 from Peer 1002
[2024-12-01 22:08:26]: Peer 1003 has downloaded the piece 292 from Peer 1002. Now the number of pieces it has is 22
[2024-12-01 22:08:26]: Peer 1003 requested piece 34 from Peer 1002
[2024-12-01 22:08:26]: Peer 1003 has downloaded the piece 34 from Peer 1002. Now the number of pieces it has is 23
[2024-12-01 22:08:26]: Peer 1003 requested piece 196 from Peer 1002
[2024-12-01 22:08:26]: Peer 1003 has downloaded the piece 196 from Peer 1002. Now the number of pieces it has is 24
[2024-12-01 22:08:26]: Peer 1003 requested piece 96 from Peer 1002
[2024-12-01 22:08:26]: Peer 1003 has downloaded the piece 96 from Peer 1002. Now the number of pieces it has is 25
[2024-12-01 22:08:26]: Peer 1003 requested piece 54 from Peer 1002
[2024-12-01 22:08:26]: Peer 1003 has downloaded the piece 54 from Peer 1002. Now the number of pieces it has is 26
[2024-12-01 22:08:26]: Peer 1003 requested piece 91 from Peer 1002
[2024-12-01 22:08:26]: Peer 1003 has downloaded the piece 91 from Peer 1002. Now the number of pieces it has is 27
[2024-12-01 22:08:26]: Peer 1003 requested piece 21 from Peer 1002
[2024-12-01 22:08:26]: Peer 1003 has downloaded the piece 21 from Peer 1002. Now the number of pieces it has is 28
[2024-12-01 22:08:26]: Peer 1003 requested piece 129 from Peer 1002
[2024-12-01 22:08:26]: Peer 1003 has downloaded the piece 129 from Peer 1002. Now the number of pieces it has is 29
[2024-12-01 22:08:26]: Peer 1003 requested piece 45 from Peer 1002
[2024-12-01 22:08:26]: Peer 1003 has downloaded the piece 45 from Peer 1002. Now the number of pieces it has is 30
[2024-12-01 22:08:26]: Peer 1003 requested piece 177 from Peer 1002
[2024-12-01 22:08:26]: Peer 1003 has downloaded the piece 177 from Peer 1002. Now the number of pieces it has is 31
[2024-12-01 22:08:26]: Peer 1003 requested piece 103 from Peer 1002
[2024-12-01 22:08:26]: Peer 1003 has downloaded the piece 103 from Peer 1002. Now the number of pieces it has is 32
[2024-12-01 22:08:26]: Peer 1003 requested piece 72 from Peer 1002
[2024-12-01 22:08:26]: Peer 1003 has downloaded the piece 72 from Peer 1002. Now the number of pieces it has is 33
[2024-12-01 22:08:26]: Peer 1003 requested piece 47 from Peer 1002
[2024-12-01 22:08:26]: Peer 1003 has downloaded the piece 47 from Peer 1002. Now the number of pieces it has is 34
[2024-12-01 22:08:26]: Peer 1003 requested piece 32 from Peer 1002
[2024-12-01 22:08:26]: Peer 1003 has downloaded the piece 32 from Peer 1002. Now the number of pieces it has is 35
[2024-12-01 22:08:26]: Peer 1003 requested piece 169 from Peer 1002
[2024-12-01 22:08:26]: Peer 1003 has downloaded the piece 169 from Peer 1002. Now the number of pieces it has is 36
[2024-12-01 22:08:26]: Peer 1003 requested piece 127 from Peer 1002
[2024-12-01 22:08:26]: Peer 1003 has downloaded the piece 127 from Peer 1002. Now the number of pieces it has is 37
[2024-12-01 22:08:26]: Peer 1003 requested piece 161 from Peer 1002
[2024-12-01 22:08:26]: Peer 1003 has downloaded the piece 161 from Peer 1002. Now the number of pieces it has is 38
[2024-12-01 22:08:26]: Peer 1003 requested piece 81 from Peer 1002
[2024-12-01 22:08:26]: Peer 1003 has downloaded the piece 81 from Peer 1002. Now the number of pieces it has is 39
[2024-12-01 22:08:26]: Peer 1003 requested piece 303 from Peer 1002
[2024-12-01 22:08:26]: Peer 1003 has downloaded the piece 303 from Peer 1002. Now the number of pieces it has is 40
[2024-12-01 22:08:26]: Peer 1003 requested piece 59 from Peer 1002
[2024-12-01 22:08:26]: Peer 1003 has downloaded the piece 59 from Peer 1002. Now the number of pieces it has is 41
[2024-12-01 22:08:26]: Peer 1003 requested piece 260 from Peer 1002
[2024-12-01 22:08:26]: Peer 1003 has downloaded the piece 260 from Peer 1002. Now the number of pieces it has is 42
[2024-12-01 22:08:26]: Peer 1003 requested piece 269 from Peer 1002
[2024-12-01 22:08:26]: Peer 1003 has downloaded the piece 269 from Peer 1002. Now the number of pieces it has is 43
[2024-12-01 22:08:26]: Peer 1003 requested piece 26 from Peer 1002
[2024-12-01 22:08:26]: Peer 1003 has downloaded the piece 26 from Peer 1002. Now the number of pieces it has is 44
[2024-12-01 22:08:26]: Peer 1003 requested piece 254 from Peer 1002
[2024-12-01 22:08:26]: Peer 1003 has downloaded the piece 254 from Peer 1002. Now the number of pieces it has is 45
[2024-12-01 22:08:26]: Peer 1003 requested piece 204 from Peer 1002
[2024-12-01 22:08:26]: Peer 1003 has downloaded the piece 204 from Peer 1002. Now the number of pieces it has is 46
[2024-12-01 22:08:26]: Peer 1003 requested piece 69 from Peer 1002
[2024-12-01 22:08:26]: Peer 1003 has downloaded the piece 69 from Peer 1002. Now the number of pieces it has is 47
[2024-12-01 22:08:26]: Peer 1003 requested piece 170 from Peer 1002
[2024-12-01 22:08:26]: Peer 1003 has downloaded the piece 170 from Peer 1002. Now the number of pieces it has is 48
[2024-12-01 22:08:26]: Peer 1003 requested piece 126 from Peer 1002
[2024-12-01 22:08:26]: Peer 1003 has downloaded the piece 126 from Peer 1002. Now the number of pieces it has is 49
[2024-12-01 22:08:26]: Peer 1003 requested piece 102 from Peer 1002
[2024-12-01 22:08:26]: Peer 1003 has downloaded the piece 102 from Peer 1002. Now the number of pieces it has is 50
[2024-12-01 22:08:26]: Peer 1003 requested piece 251 from Peer 1002
[2024-12-01 22:08:26]: Peer 1003 has downloaded the piece 251 from Peer 1002. Now the number of pieces it has is 51
[2024-12-01 22:08:26]: Peer 1003 requested piece 271 from Peer 1002
[2024-12-01 22:08:26]: Peer 1003 has downloaded the piece 271 from Peer 1002. Now the number of pieces it has is 52
[2024-12-01 22:08:26]: Peer 1003 requested piece 200 from Peer 1002
[2024-12-01 22:08:26]: Peer 1003 has downloaded the piece 200 from Peer 1002. Now the number of pieces it has is 53
[2024-12-01 22:08:26]: Peer 1003 requested piece 231 from Peer 1002
[2024-12-01 22:08:26]: Peer 1003 has downloaded the piece 231 from Peer 1002. Now the number of pieces it has is 54
[2024-12-01 22:08:26]: Peer 1003 requested piece 101 from Peer 1002
[2024-12-01 22:08:26]: Peer 1003 has downloaded the piece 101 from Peer 1002. Now the number of pieces it has is 55
[2024-12-01 22:08:26]: Peer 1003 requested piece 192 from Peer 1002
[2024-12-01 22:08:26]: Peer 1003 has downloaded the piece 192 from Peer 1002. Now the number of pieces it has is 56
[2024-12-01 22:08:26]: Peer 1003 requested piece 154 from Peer 1002
[2024-12-01 22:08:26]: Peer 1003 has downloaded the piece 154 from Peer 1002. Now the number of pieces it has is 57
[2024-12-01 22:08:26]: Peer 1003 requested piece 253 from Peer 1002
[2024-12-01 22:08:26]: Peer 1003 has downloaded the piece 253 from Peer 1002. Now the number of pieces it has is 58
[2024-12-01 22:08:26]: Peer 1003 requested piece 42 from Peer 1002
[2024-12-01 22:08:26]: Peer 1003 has downloaded the piece 42 from Peer 1002. Now the number of pieces it has is 59
[2024-12-01 22:08:26]: Peer 1003 requested piece 99 from Peer 1002
[2024-12-01 22:08:26]: Peer 1003 has downloaded the piece 99 from Peer 1002. Now the number of pieces it has is 60
[2024-12-01 22:08:26]: Peer 1003 requested piece 135 from Peer 1002
[2024-12-01 22:08:26]: Peer 1003 has downloaded the piece 135 from Peer 1002. Now the number of pieces it has is 61
[2024-12-01 22:08:26]: Peer 1003 requested piece 128 from Peer 1002
[2024-12-01 22:08:26]: Peer 1003 has downloaded the piece 128 from Peer 1002. Now the number of pieces it has is 62
[2024-12-01 22:08:26]: Peer 1003 requested piece 176 from Peer 1002
[2024-12-01 22:08:26]: Peer 1003 has downloaded the piece 176 from Peer 1002. Now the number of pieces it has is 63
[2024-12-01 22:08:26]: Peer 1003 requested piece 197 from Peer 1002
[2024-12-01 22:08:26]: Peer 1003 has downloaded the piece 197 from Peer 1002. Now the number of pieces it has is 64
[2024-12-01 22:08:26]: Peer 1003 requested piece 195 from Peer 1002
[2024-12-01 22:08:26]: Peer 1003 has downloaded the piece 195 from Peer 1002. Now the number of pieces it has is 65
[2024-12-01 22:08:26]: Peer 1003 requested piece 133 from Peer 1002
[2024-12-01 22:08:26]: Peer 1003 has downloaded the piece 133 from Peer 1002. Now the number of pieces it has is 66
[2024-12-01 22:08:26]: Peer 1003 requested piece 150 from Peer 1002
[2024-12-01 22:08:26]: Peer 1003 has downloaded the piece 150 from Peer 1002. Now the number of pieces it has is 67
[2024-12-01 22:08:26]: Peer 1003 requested piece 248 from Peer 1002
[2024-12-01 22:08:26]: Peer 1003 has downloaded the piece 248 from Peer 1002. Now the number of pieces it has is 68
[2024-12-01 22:08:26]: Peer 1003 requested piece 168 from Peer 1002
[2024-12-01 22:08:26]: Peer 1003 has downloaded the piece 168 from Peer 1002. Now the number of pieces it has is 69
[2024-12-01 22:08:26]: Peer 1003 requested piece 64 from Peer 1002
[2024-12-01 22:08:26]: Peer 1003 has downloaded the piece 64 from Peer 1002. Now the number of pieces it has is 70
[2024-12-01 22:08:26]: Peer 1003 requested piece 287 from Peer 1002
[2024-12-01 22:08:26]: Peer 1003 has downloaded the piece 287 from Peer 1002. Now the number of pieces it has is 71
[2024-12-01 22:08:26]: Peer 1003 requested piece 35 from Peer 1002
[2024-12-01 22:08:26]: Peer 1003 has downloaded the piece 35 from Peer 1002. Now the number of pieces it has is 72
[2024-12-01 22:08:26]: Peer 1003 requested piece 242 from Peer 1002
[2024-12-01 22:08:26]: Peer 1003 has downloaded the piece 242 from Peer 1002. Now the number of pieces it has is 73
[2024-12-01 22:08:26]: Peer 1003 requested piece 286 from Peer 1002
[2024-12-01 22:08:26]: Peer 1003 has downloaded the piece 286 from Peer 1002. Now the number of pieces it has is 74
[2024-12-01 22:08:26]: Peer 1003 requested piece 153 from Peer 1002
[2024-12-01 22:08:26]: Peer 1003 has downloaded the piece 153 from Peer 1002. Now the number of pieces it has is 75
[2024-12-01 22:08:26]: Peer 1003 requested piece 210 from Peer 1002
[2024-12-01 22:08:26]: Peer 1003 has downloaded the piece 210 from Peer 1002. Now the number of pieces it has is 76
[2024-12-01 22:08:26]: Peer 1003 requested piece 273 from Peer 1002
[2024-12-01 22:08:26]: Peer 1003 has downloaded the piece 273 from Peer 1002. Now the number of pieces it has is 77
[2024-12-01 22:08:26]: Peer 1003 requested piece 3 from Peer 1002
[2024-12-01 22:08:26]: Peer 1003 has downloaded the piece 3 from Peer 1002. Now the number of pieces it has is 78
[2024-12-01 22:08:26]: Peer 1003 requested piece 299 from Peer 1002
[2024-12-01 22:08:26]: Peer 1003 has downloaded the piece 299 from Peer 1002. Now the number of pieces it has is 79
[2024-12-01 22:08:26]: Peer 1003 requested piece 304 from Peer 1002
[2024-12-01 22:08:26]: Peer 1003 has downloaded the piece 304 from Peer 1002. Now the number of pieces it has is 80
[2024-12-01 22:08:26]: Peer 1003 requested piece 172 from Peer 1002
[2024-12-01 22:08:26]: Peer 1003 has downloaded the piece 172 from Peer 1002. Now the number of pieces it has is 81
[2024-12-01 22:08:26]: Peer 1003 requested piece 252 from Peer 1002
[2024-12-01 22:08:26]: Peer 1003 has downloaded the piece 252 from Peer 1002. Now the number of pieces it has is 82
[2024-12-01 22:08:26]: Peer 1003 requested piece 93 from Peer 1002
[2024-12-01 22:08:26]: Peer 1003 has downloaded the piece 93 from Peer 1002. Now the number of pieces it has is 83
[2024-12-01 22:08:26]: Peer 1003 requested piece 227 from Peer 1002
[2024-12-01 22:08:26]: Peer 1003 has downloaded the piece 227 from Peer 1002. Now the number of pieces it has is 84
[2024-12-01 22:08:26]: Peer 1003 requested piece 106 from Peer 1002
[2024-12-01 22:08:26]: Peer 1003 has downloaded the piece 106 from Peer 1002. Now the number of pieces it has is 85
[2024-12-01 22:08:26]: Peer 1003 requested piece 207 from Peer 1002
[2024-12-01 22:08:26]: Peer 1003 has downloaded the piece 207 from Peer 1002. Now the number of pieces it has is 86
[2024-12-01 22:08:26]: Peer 1003 requested piece 262 from Peer 1002
[2024-12-01 22:08:26]: Peer 1003 has downloaded the piece 262 from Peer 1002. Now the number of pieces it has is 87
[2024-12-01 22:08:26]: Peer 1003 requested piece 53 from Peer 1002
[2024-12-01 22:08:26]: Peer 1003 has downloaded the piece 53 from Peer 1002. Now the number of pieces it has is 88
[2024-12-01 22:08:26]: Peer 1003 requested piece 266 from Peer 1002
[2024-12-01 22:08:26]: Peer 1003 has downloaded the piece 266 from Peer 1002. Now the number of pieces it has is 89
[2024-12-01 22:08:26]: Peer 1003 requested piece 58 from Peer 1002
[2024-12-01 22:08:26]: Peer 1003 has downloaded the piece 58 from Peer 1002. Now the number of pieces it has is 90
[2024-12-01 22:08:26]: Peer 1003 requested piece 188 from Peer 1002
[2024-12-01 22:08:26]: Peer 1003 has downloaded the piece 188 from Peer 1002. Now the number of pieces it has is 91
[2024-12-01 22:08:26]: Peer 1003 requested piece 186 from Peer 1002
[2024-12-01 22:08:26]: Peer 1003 has downloaded the piece 186 from Peer 1002. Now the number of pieces it has is 92
[2024-12-01 22:08:26]: Peer 1003 requested piece 49 from Peer 1002
[2024-12-01 22:08:26]: Peer 1003 has downloaded the piece 49 from Peer 1002. Now the number of pieces it has is 93
[2024-12-01 22:08:26]: Peer 1003 requested piece 244 from Peer 1002
[2024-12-01 22:08:26]: Peer 1003 has downloaded the piece 244 from Peer 1002. Now the number of pieces it has is 94
[2024-12-01 22:08:26]: Peer 1003 requested piece 7 from Peer 1002
[2024-12-01 22:08:26]: Peer 1003 has downloaded the piece 7 from Peer 1002. Now the number of pieces it has is 95
[2024-12-01 22:08:26]: Peer 1003 requested piece 274 from Peer 1002
[2024-12-01 22:08:26]: Peer 1003 has downloaded the piece 274 from Peer 1002. Now the number of pieces it has is 96
[2024-12-01 22:08:26]: Peer 1003 requested piece 183 from Peer 1002
[2024-12-01 22:08:26]: Peer 1003 has downloaded the piece 183 from Peer 1002. Now the number of pieces it has is 97
[2024-12-01 22:08:26]: Peer 1003 requested piece 217 from Peer 1002
[2024-12-01 22:08:26]: Peer 1003 has downloaded the piece 217 from Peer 1002. Now the number of pieces it has is 98
[2024-12-01 22:08:26]: Peer 1003 requested piece 223 from Peer 1002
[2024-12-01 22:08:26]: Peer 1003 has downloaded the piece 223 from Peer 1002. Now the number of pieces it has is 99
[2024-12-01 22:08:26]: Peer 1003 requested piece 31 from Peer 1002
[2024-12-01 22:08:26]: Peer 1003 has downloaded the piece 31 from Peer 1002. Now the number of pieces it has is 100
[2024-12-01 22:08:26]: Peer 1003 requested piece 229 from Peer 1002
[2024-12-01 22:08:26]: Peer 1003 has downloaded the piece 229 from Peer 1002. Now the number of pieces it has is 101
[2024-12-01 22:08:26]: Peer 1003 requested piece 121 from Peer 1002
[2024-12-01 22:08:26]: Peer 1003 has downloaded the piece 121 from Peer 1002. Now the number of pieces it has is 102
[2024-12-01 22:08:26]: Peer 1003 requested piece 279 from Peer 1002
[2024-12-01 22:08:26]: Peer 1003 has downloaded the piece 279 from Peer 1002. Now the number of pieces it has is 103
[2024-12-01 22:08:26]: Peer 1003 requested piece 250 from Peer 1002
[2024-12-01 22:08:26]: Peer 1003 has downloaded the piece 250 from Peer 1002. Now the number of pieces it has is 104
[2024-12-01 22:08:26]: Peer 1003 requested piece 187 from Peer 1002
[2024-12-01 22:08:26]: Peer 1003 has downloaded the piece 187 from Peer 1002. Now the number of pieces it has is 105
[2024-12-01 22:08:26]: Peer 1003 requested piece 293 from Peer 1002
[2024-12-01 22:08:26]: Peer 1003 has downloaded the piece 293 from Peer 1002. Now the number of pieces it has is 106
[2024-12-01 22:08:26]: Peer 1003 requested piece 198 from Peer 1002
[2024-12-01 22:08:26]: Peer 1003 has downloaded the piece 198 from Peer 1002. Now the number of pieces it has is 107
[2024-12-01 22:08:26]: Peer 1003 requested piece 295 from Peer 1002
[2024-12-01 22:08:26]: Peer 1003 has downloaded the piece 295 from Peer 1002. Now the number of pieces it has is 108
[2024-12-01 22:08:26]: Peer 1003 requested piece 41 from Peer 1002
[2024-12-01 22:08:26]: Peer 1003 has downloaded the piece 41 from Peer 1002. Now the number of pieces it has is 109
[2024-12-01 22:08:26]: Peer 1003 requested piece 78 from Peer 1002
[2024-12-01 22:08:26]: Peer 1003 has downloaded the piece 78 from Peer 1002. Now the number of pieces it has is 110
[2024-12-01 22:08:26]: Peer 1003 requested piece 290 from Peer 1002
[2024-12-01 22:08:26]: Peer 1003 has downloaded the piece 290 from Peer 1002. Now the number of pieces it has is 111
[2024-12-01 22:08:26]: Peer 1003 requested piece 68 from Peer 1002
[2024-12-01 22:08:26]: Peer 1003 has downloaded the piece 68 from Peer 1002. Now the number of pieces it has is 112
[2024-12-01 22:08:26]: Peer 1003 requested piece 241 from Peer 1002
[2024-12-01 22:08:26]: Peer 1003 has downloaded the piece 241 from Peer 1002. Now the number of pieces it has is 113
[2024-12-01 22:08:26]: Peer 1003 requested piece 65 from Peer 1002
[2024-12-01 22:08:26]: Peer 1003 has downloaded the piece 65 from Peer 1002. Now the number of pieces it has is 114
[2024-12-01 22:08:26]: Peer 1003 requested piece 259 from Peer 1002
[2024-12-01 22:08:26]: Peer 1003 has downloaded the piece 259 from Peer 1002. Now the number of pieces it has is 115
[2024-12-01 22:08:26]: Peer 1003 requested piece 71 from Peer 1002
[2024-12-01 22:08:26]: Peer 1003 has downloaded the piece 71 from Peer 1002. Now the number of pieces it has is 116
[2024-12-01 22:08:26]: Peer 1003 requested piece 225 from Peer 1002
[2024-12-01 22:08:26]: Peer 1003 has downloaded the piece 225 from Peer 1002. Now the number of pieces it has is 117
[2024-12-01 22:08:26]: Peer 1003 requested piece 33 from Peer 1002
[2024-12-01 22:08:26]: Peer 1003 has downloaded the piece 33 from Peer 1002. Now the number of pieces it has is 118
[2024-12-01 22:08:26]: Peer 1003 requested piece 8 from Peer 1002
[2024-12-01 22:08:26]: Peer 1003 has downloaded the piece 8 from Peer 1002. Now the number of pieces it has is 119
[2024-12-01 22:08:26]: Peer 1003 requested piece 94 from Peer 1002
[2024-12-01 22:08:26]: Peer 1003 has downloaded the piece 94 from Peer 1002. Now the number of pieces it has is 120
[2024-12-01 22:08:26]: Peer 1003 requested piece 240 from Peer 1002
[2024-12-01 22:08:26]: Peer 1003 has downloaded the piece 240 from Peer 1002. Now the number of pieces it has is 121
[2024-12-01 22:08:26]: Peer 1003 requested piece 268 from Peer 1002
[2024-12-01 22:08:26]: Peer 1003 has downloaded the piece 268 from Peer 1002. Now the number of pieces it has is 122
[2024-12-01 22:08:26]: Peer 1003 requested piece 265 from Peer 1002
[2024-12-01 22:08:26]: Peer 1003 has downloaded the piece 265 from Peer 1002. Now the number of pieces it has is 123
[2024-12-01 22:08:26]: Peer 1003 requested piece 157 from Peer 1002
[2024-12-01 22:08:26]: Peer 1003 has downloaded the piece 157 from Peer 1002. Now the number of pieces it has is 124
[2024-12-01 22:08:26]: Peer 1003 requested piece 131 from Peer 1002
[2024-12-01 22:08:26]: Peer 1003 has downloaded the piece 131 from Peer 1002. Now the number of pieces it has is 125
[2024-12-01 22:08:26]: Peer 1003 requested piece 201 from Peer 1002
[2024-12-01 22:08:26]: Peer 1003 has downloaded the piece 201 from Peer 1002. Now the number of pieces it has is 126
[2024-12-01 22:08:26]: Peer 1003 requested piece 166 from Peer 1002
[2024-12-01 22:08:26]: Peer 1003 has downloaded the piece 166 from Peer 1002. Now the number of pieces it has is 127
[2024-12-01 22:08:26]: Peer 1003 requested piece 178 from Peer 1002
[2024-12-01 22:08:26]: Peer 1003 has downloaded the piece 178 from Peer 1002. Now the number of pieces it has is 128
[2024-12-01 22:08:26]: Peer 1003 requested piece 138 from Peer 1002
[2024-12-01 22:08:26]: Peer 1003 has downloaded the piece 138 from Peer 1002. Now the number of pieces it has is 129
[2024-12-01 22:08:26]: Peer 1003 requested piece 285 from Peer 1002
[2024-12-01 22:08:26]: Peer 1003 has downloaded the piece 285 from Peer 1002. Now the number of pieces it has is 130
[2024-12-01 22:08:26]: Peer 1003 requested piece 230 from Peer 1002
[2024-12-01 22:08:26]: Peer 1003 has downloaded the piece 230 from Peer 1002. Now the number of pieces it has is 131
[2024-12-01 22:08:26]: Peer 1003 requested piece 180 from Peer 1002
[2024-12-01 22:08:26]: Peer 1003 has downloaded the piece 180 from Peer 1002. Now the number of pieces it has is 132
[2024-12-01 22:08:26]: Peer 1003 requested piece 110 from Peer 1002
[2024-12-01 22:08:26]: Peer 1003 has downloaded the piece 110 from Peer 1002. Now the number of pieces it has is 133
[2024-12-01 22:08:26]: Peer 1003 requested piece 10 from Peer 1002
[2024-12-01 22:08:26]: Peer 1003 has downloaded the piece 10 from Peer 1002. Now the number of pieces it has is 134
[2024-12-01 22:08:26]: Peer 1003 requested piece 148 from Peer 1002
[2024-12-01 22:08:26]: Peer 1003 has downloaded the piece 148 from Peer 1002. Now the number of pieces it has is 135
[2024-12-01 22:08:26]: Peer 1003 requested piece 117 from Peer 1002
[2024-12-01 22:08:26]: Peer 1003 has downloaded the piece 117 from Peer 1002. Now the number of pieces it has is 136
[2024-12-01 22:08:26]: Peer 1003 requested piece 12 from Peer 1002
[2024-12-01 22:08:26]: Peer 1003 has downloaded the piece 12 from Peer 1002. Now the number of pieces it has is 137
[2024-12-01 22:08:26]: Peer 1003 requested piece 258 from Peer 1002
[2024-12-01 22:08:26]: Peer 1003 has downloaded the piece 258 from Peer 1002. Now the number of pieces it has is 138
[2024-12-01 22:08:26]: Peer 1003 requested piece 221 from Peer 1002
[2024-12-01 22:08:26]: Peer 1003 has downloaded the piece 221 from Peer 1002. Now the number of pieces it has is 139
[2024-12-01 22:08:26]: Peer 1003 requested piece 86 from Peer 1002
[2024-12-01 22:08:26]: Peer 1003 has downloaded the piece 86 from Peer 1002. Now the number of pieces it has is 140
[2024-12-01 22:08:26]: Peer 1003 requested piece 280 from Peer 1002
[2024-12-01 22:08:26]: Peer 1003 has downloaded the piece 280 from Peer 1002. Now the number of pieces it has is 141
[2024-12-01 22:08:26]: Peer 1003 requested piece 171 from Peer 1002
[2024-12-01 22:08:26]: Peer 1003 has downloaded the piece 171 from Peer 1002. Now the number of pieces it has is 142
[2024-12-01 22:08:26]: Peer 1003 requested piece 1 from Peer 1002
[2024-12-01 22:08:26]: Peer 1003 has downloaded the piece 1 from Peer 1002. Now the number of pieces it has is 143
[2024-12-01 22:08:26]: Peer 1003 requested piece 29 from Peer 1002
[2024-12-01 22:08:26]: Peer 1003 has downloaded the piece 29 from Peer 1002. Now the number of pieces it has is 144
[2024-12-01 22:08:26]: Peer 1003 requested piece 83 from Peer 1002
[2024-12-01 22:08:26]: Peer 1003 has downloaded the piece 83 from Peer 1002. Now the number of pieces it has is 145
[2024-12-01 22:08:26]: Peer 1003 requested piece 43 from Peer 1002
[2024-12-01 22:08:26]: Peer 1003 has downloaded the piece 43 from Peer 1002. Now the number of pieces it has is 146
[2024-12-01 22:08:26]: Peer 1003 requested piece 22 from Peer 1002
[2024-12-01 22:08:26]: Peer 1003 has downloaded the piece 22 from Peer 1002. Now the number of pieces it has is 147
[2024-12-01 22:08:26]: Peer 1003 requested piece 130 from Peer 1002
[2024-12-01 22:08:26]: Peer 1003 has downloaded the piece 130 from Peer 1002. Now the number of pieces it has is 148
[2024-12-01 22:08:26]: Peer 1003 requested piece 15 from Peer 1002
[2024-12-01 22:08:26]: Peer 1003 has downloaded the piece 15 from Peer 1002. Now the number of pieces it has is 149
[2024-12-01 22:08:26]: Peer 1003 requested piece 97 from Peer 1002
[2024-12-01 22:08:26]: Peer 1003 has downloaded the piece 97 from Peer 1002. Now the number of pieces it has is 150
[2024-12-01 22:08:26]: Peer 1003 requested piece 112 from Peer 1002
[2024-12-01 22:08:26]: Peer 1003 has downloaded the piece 112 from Peer 1002. Now the number of pieces it has is 151
[2024-12-01 22:08:26]: Peer 1003 requested piece 120 from Peer 1002
[2024-12-01 22:08:26]: Peer 1003 has downloaded the piece 120 from Peer 1002. Now the number of pieces it has is 152
[2024-12-01 22:08:26]: Peer 1003 requested piece 90 from Peer 1002
[2024-12-01 22:08:26]: Peer 1003 has downloaded the piece 90 from Peer 1002. Now the number of pieces it has is 153
[2024-12-01 22:08:26]: Peer 1003 requested piece 107 from Peer 1002
[2024-12-01 22:08:26]: Peer 1003 has downloaded the piece 107 from Peer 1002. Now the number of pieces it has is 154
[2024-12-01 22:08:26]: Peer 1003 requested piece 214 from Peer 1002
[2024-12-01 22:08:26]: Peer 1003 has downloaded the piece 214 from Peer 1002. Now the number of pieces it has is 155
[2024-12-01 22:08:26]: Peer 1003 requested piece 163 from Peer 1002
[2024-12-01 22:08:26]: Peer 1003 has downloaded the piece 163 from Peer 1002. Now the number of pieces it has is 156
[2024-12-01 22:08:26]: Peer 1003 requested piece 212 from Peer 1002
[2024-12-01 22:08:26]: Peer 1003 has downloaded the piece 212 from Peer 1002. Now the number of pieces it has is 157
[2024-12-01 22:08:26]: Peer 1003 requested piece 193 from Peer 1002
[2024-12-01 22:08:26]: Peer 1003 has downloaded the piece 193 from Peer 1002. Now the number of pieces it has is 158
[2024-12-01 22:08:26]: Peer 1003 requested piece 181 from Peer 1002
[2024-12-01 22:08:26]: Peer 1003 has downloaded the piece 181 from Peer 1002. Now the number of pieces it has is 159
[2024-12-01 22:08:26]: Peer 1003 requested piece 85 from Peer 1002
[2024-12-01 22:08:26]: Peer 1003 has downloaded the piece 85 from Peer 1002. Now the number of pieces it has is 160
[2024-12-01 22:08:26]: Peer 1003 requested piece 134 from Peer 1002
[2024-12-01 22:08:26]: Peer 1003 has downloaded the piece 134 from Peer 1002. Now the number of pieces it has is 161
[2024-12-01 22:08:26]: Peer 1003 requested piece 278 from Peer 1002
[2024-12-01 22:08:26]: Peer 1003 has downloaded the piece 278 from Peer 1002. Now the number of pieces it has is 162
[2024-12-01 22:08:26]: Peer 1003 requested piece 70 from Peer 1002
[2024-12-01 22:08:26]: Peer 1003 has downloaded the piece 70 from Peer 1002. Now the number of pieces it has is 163
[2024-12-01 22:08:26]: Peer 1003 requested piece 156 from Peer 1002
[2024-12-01 22:08:26]: Peer 1003 has downloaded the piece 156 from Peer 1002. Now the number of pieces it has is 164
[2024-12-01 22:08:26]: Peer 1003 requested piece 9 from Peer 1002
[2024-12-01 22:08:26]: Peer 1003 has downloaded the piece 9 from Peer 1002. Now the number of pieces it has is 165
[2024-12-01 22:08:26]: Peer 1003 requested piece 173 from Peer 1002
[2024-12-01 22:08:26]: Peer 1003 has downloaded the piece 173 from Peer 1002. Now the number of pieces it has is 166
[2024-12-01 22:08:26]: Peer 1003 requested piece 301 from Peer 1002
[2024-12-01 22:08:26]: Peer 1003 has downloaded the piece 301 from Peer 1002. Now the number of pieces it has is 167
[2024-12-01 22:08:26]: Peer 1003 requested piece 147 from Peer 1002
[2024-12-01 22:08:26]: Peer 1003 has downloaded the piece 147 from Peer 1002. Now the number of pieces it has is 168
[2024-12-01 22:08:26]: Peer 1003 requested piece 61 from Peer 1002
[2024-12-01 22:08:26]: Peer 1003 has downloaded the piece 61 from Peer 1002. Now the number of pieces it has is 169
[2024-12-01 22:08:26]: Peer 1003 requested piece 191 from Peer 1002
[2024-12-01 22:08:26]: Peer 1003 has downloaded the piece 191 from Peer 1002. Now the number of pieces it has is 170
[2024-12-01 22:08:26]: Peer 1003 requested piece 142 from Peer 1002
[2024-12-01 22:08:26]: Peer 1003 has downloaded the piece 142 from Peer 1002. Now the number of pieces it has is 171
[2024-12-01 22:08:26]: Peer 1003 requested piece 256 from Peer 1002
[2024-12-01 22:08:26]: Peer 1003 has downloaded the piece 256 from Peer 1002. Now the number of pieces it has is 172
[2024-12-01 22:08:26]: Peer 1003 requested piece 159 from Peer 1002
[2024-12-01 22:08:26]: Peer 1003 has downloaded the piece 159 from Peer 1002. Now the number of pieces it has is 173
[2024-12-01 22:08:26]: Peer 1003 requested piece 50 from Peer 1002
[2024-12-01 22:08:26]: Peer 1003 has downloaded the piece 50 from Peer 1002. Now the number of pieces it has is 174
[2024-12-01 22:08:26]: Peer 1003 requested piece 141 from Peer 1002
[2024-12-01 22:08:26]: Peer 1003 has downloaded the piece 141 from Peer 1002. Now the number of pieces it has is 175
[2024-12-01 22:08:26]: Peer 1003 requested piece 228 from Peer 1002
[2024-12-01 22:08:26]: Peer 1003 has downloaded the piece 228 from Peer 1002. Now the number of pieces it has is 176
[2024-12-01 22:08:26]: Peer 1003 requested piece 296 from Peer 1002
[2024-12-01 22:08:26]: Peer 1003 has downloaded the piece 296 from Peer 1002. Now the number of pieces it has is 177
[2024-12-01 22:08:26]: Peer 1003 requested piece 24 from Peer 1002
[2024-12-01 22:08:26]: Peer 1003 has downloaded the piece 24 from Peer 1002. Now the number of pieces it has is 178
[2024-12-01 22:08:26]: Peer 1003 requested piece 76 from Peer 1002
[2024-12-01 22:08:26]: Peer 1003 has downloaded the piece 76 from Peer 1002. Now the number of pieces it has is 179
[2024-12-01 22:08:26]: Peer 1003 requested piece 140 from Peer 1002
[2024-12-01 22:08:26]: Peer 1003 has downloaded the piece 140 from Peer 1002. Now the number of pieces it has is 180
[2024-12-01 22:08:26]: Peer 1003 requested piece 267 from Peer 1002
[2024-12-01 22:08:26]: Peer 1003 has downloaded the piece 267 from Peer 1002. Now the number of pieces it has is 181
[2024-12-01 22:08:26]: Peer 1003 requested piece 77 from Peer 1002
[2024-12-01 22:08:26]: Peer 1003 has downloaded the piece 77 from Peer 1002. Now the number of pieces it has is 182
[2024-12-01 22:08:26]: Peer 1003 requested piece 272 from Peer 1002
[2024-12-01 22:08:26]: Peer 1003 has downloaded the piece 272 from Peer 1002. Now the number of pieces it has is 183
[2024-12-01 22:08:26]: Peer 1003 requested piece 137 from Peer 1002
[2024-12-01 22:08:26]: Peer 1003 has downloaded the piece 137 from Peer 1002. Now the number of pieces it has is 184
[2024-12-01 22:08:26]: Peer 1003 requested piece 162 from Peer 1002
[2024-12-01 22:08:26]: Peer 1003 has downloaded the piece 162 from Peer 1002. Now the number of pieces it has is 185
[2024-12-01 22:08:26]: Peer 1003 requested piece 132 from Peer 1002
[2024-12-01 22:08:26]: Peer 1003 has downloaded the piece 132 from Peer 1002. Now the number of pieces it has is 186
[2024-12-01 22:08:26]: Peer 1003 requested piece 16 from Peer 1002
[2024-12-01 22:08:26]: Peer 1003 has downloaded the piece 16 from Peer 1002. Now the number of pieces it has is 187
[2024-12-01 22:08:26]: Peer 1003 requested piece 14 from Peer 1002
[2024-12-01 22:08:26]: Peer 1003 has downloaded the piece 14 from Peer 1002. Now the number of pieces it has is 188
[2024-12-01 22:08:26]: Peer 1003 requested piece 27 from Peer 1002
[2024-12-01 22:08:26]: Peer 1003 has downloaded the piece 27 from Peer 1002. Now the number of pieces it has is 189
[2024-12-01 22:08:26]: Peer 1003 requested piece 105 from Peer 1002
[2024-12-01 22:08:26]: Peer 1003 has downloaded the piece 105 from Peer 1002. Now the number of pieces it has is 190
[2024-12-01 22:08:26]: Peer 1003 requested piece 0 from Peer 1002
[2024-12-01 22:08:26]: Peer 1003 has downloaded the piece 0 from Peer 1002. Now the number of pieces it has is 191
[2024-12-01 22:08:26]: Peer 1003 requested piece 182 from Peer 1002
[2024-12-01 22:08:26]: Peer 1003 has downloaded the piece 182 from Peer 1002. Now the number of pieces it has is 192
[2024-12-01 22:08:26]: Peer 1003 requested piece 185 from Peer 1002
[2024-12-01 22:08:26]: Peer 1003 has downloaded the piece 185 from Peer 1002. Now the number of pieces it has is 193
[2024-12-01 22:08:26]: Peer 1003 requested piece 143 from Peer 1002
[2024-12-01 22:08:26]: Peer 1003 has downloaded the piece 143 from Peer 1002. Now the number of pieces it has is 194
[2024-12-01 22:08:26]: Peer 1003 requested piece 291 from Peer 1002
[2024-12-01 22:08:26]: Peer 1003 has downloaded the piece 291 from Peer 1002. Now the number of pieces it has is 195
[2024-12-01 22:08:26]: Peer 1003 requested piece 55 from Peer 1002
[2024-12-01 22:08:26]: Peer 1003 has downloaded the piece 55 from Peer 1002. Now the number of pieces it has is 196
[2024-12-01 22:08:26]: Peer 1003 requested piece 67 from Peer 1002
[2024-12-01 22:08:26]: Peer 1003 has downloaded the piece 67 from Peer 1002. Now the number of pieces it has is 197
[2024-12-01 22:08:26]: Peer 1003 requested piece 243 from Peer 1002
[2024-12-01 22:08:26]: Peer 1003 has downloaded the piece 243 from Peer 1002. Now the number of pieces it has is 198
[2024-12-01 22:08:26]: Peer 1003 requested piece 114 from Peer 1002
[2024-12-01 22:08:26]: Peer 1003 has downloaded the piece 114 from Peer 1002. Now the number of pieces it has is 199
[2024-12-01 22:08:26]: Peer 1003 requested piece 164 from Peer 1002
[2024-12-01 22:08:26]: Peer 1003 has downloaded the piece 164 from Peer 1002. Now the number of pieces it has is 200
[2024-12-01 22:08:26]: Peer 1003 requested piece 75 from Peer 1002
[2024-12-01 22:08:26]: Peer 1003 has downloaded the piece 75 from Peer 1002. Now the number of pieces it has is 201
[2024-12-01 22:08:26]: Peer 1003 requested piece 125 from Peer 1002
[2024-12-01 22:08:26]: Peer 1003 has downloaded the piece 125 from Peer 1002. Now the number of pieces it has is 202
[2024-12-01 22:08:26]: Peer 1003 requested piece 36 from Peer 1002
[2024-12-01 22:08:26]: Peer 1003 has downloaded the piece 36 from Peer 1002. Now the number of pieces it has is 203
[2024-12-01 22:08:26]: Peer 1003 requested piece 48 from Peer 1002
[2024-12-01 22:08:26]: Peer 1003 has downloaded the piece 48 from Peer 1002. Now the number of pieces it has is 204
[2024-12-01 22:08:26]: Peer 1003 requested piece 249 from Peer 1002
[2024-12-01 22:08:26]: Peer 1003 has downloaded the piece 249 from Peer 1002. Now the number of pieces it has is 205
[2024-12-01 22:08:26]: Peer 1003 requested piece 263 from Peer 1002
[2024-12-01 22:08:26]: Peer 1003 has downloaded the piece 263 from Peer 1002. Now the number of pieces it has is 206
[2024-12-01 22:08:26]: Peer 1003 requested piece 39 from Peer 1002
[2024-12-01 22:08:26]: Peer 1003 has downloaded the piece 39 from Peer 1002. Now the number of pieces it has is 207
[2024-12-01 22:08:26]: Peer 1003 requested piece 184 from Peer 1002
[2024-12-01 22:08:26]: Peer 1003 has downloaded the piece 184 from Peer 1002. Now the number of pieces it has is 208
[2024-12-01 22:08:26]: Peer 1003 requested piece 226 from Peer 1002
[2024-12-01 22:08:26]: Peer 1003 has downloaded the piece 226 from Peer 1002. Now the number of pieces it has is 209
[2024-12-01 22:08:26]: Peer 1003 requested piece 87 from Peer 1002
[2024-12-01 22:08:26]: Peer 1003 has downloaded the piece 87 from Peer 1002. Now the number of pieces it has is 210
[2024-12-01 22:08:26]: Peer 1003 requested piece 63 from Peer 1002
[2024-12-01 22:08:26]: Peer 1003 has downloaded the piece 63 from Peer 1002. Now the number of pieces it has is 211
[2024-12-01 22:08:26]: Peer 1003 requested piece 239 from Peer 1002
[2024-12-01 22:08:26]: Peer 1003 has downloaded the piece 239 from Peer 1002. Now the number of pieces it has is 212
[2024-12-01 22:08:26]: Peer 1003 requested piece 224 from Peer 1002
[2024-12-01 22:08:26]: Peer 1003 has downloaded the piece 224 from Peer 1002. Now the number of pieces it has is 213
[2024-12-01 22:08:26]: Peer 1003 requested piece 18 from Peer 1002
[2024-12-01 22:08:26]: Peer 1003 has downloaded the piece 18 from Peer 1002. Now the number of pieces it has is 214
[2024-12-01 22:08:26]: Peer 1003 requested piece 276 from Peer 1002
[2024-12-01 22:08:26]: Peer 1003 has downloaded the piece 276 from Peer 1002. Now the number of pieces it has is 215
[2024-12-01 22:08:26]: Peer 1003 requested piece 284 from Peer 1002
[2024-12-01 22:08:26]: Peer 1003 has downloaded the piece 284 from Peer 1002. Now the number of pieces it has is 216
[2024-12-01 22:08:26]: Peer 1003 requested piece 123 from Peer 1002
[2024-12-01 22:08:26]: Peer 1003 has downloaded the piece 123 from Peer 1002. Now the number of pieces it has is 217
[2024-12-01 22:08:26]: Peer 1003 requested piece 4 from Peer 1002
[2024-12-01 22:08:26]: Peer 1003 has downloaded the piece 4 from Peer 1002. Now the number of pieces it has is 218
[2024-12-01 22:08:26]: Peer 1003 requested piece 52 from Peer 1002
[2024-12-01 22:08:26]: Peer 1003 has downloaded the piece 52 from Peer 1002. Now the number of pieces it has is 219
[2024-12-01 22:08:26]: Peer 1003 requested piece 144 from Peer 1002
[2024-12-01 22:08:26]: Peer 1003 has downloaded the piece 144 from Peer 1002. Now the number of pieces it has is 220
[2024-12-01 22:08:26]: Peer 1003 requested piece 174 from Peer 1002
[2024-12-01 22:08:26]: Peer 1003 has downloaded the piece 174 from Peer 1002. Now the number of pieces it has is 221
[2024-12-01 22:08:26]: Peer 1003 requested piece 46 from Peer 1002
[2024-12-01 22:08:26]: Peer 1003 has downloaded the piece 46 from Peer 1002. Now the number of pieces it has is 222
[2024-12-01 22:08:26]: Peer 1003 requested piece 220 from Peer 1002
[2024-12-01 22:08:26]: Peer 1003 has downloaded the piece 220 from Peer 1002. Now the number of pieces it has is 223
[2024-12-01 22:08:26]: Peer 1003 requested piece 62 from Peer 1002
[2024-12-01 22:08:26]: Peer 1003 has downloaded the piece 62 from Peer 1002. Now the number of pieces it has is 224
[2024-12-01 22:08:26]: Peer 1003 requested piece 124 from Peer 1002
[2024-12-01 22:08:26]: Peer 1003 has downloaded the piece 124 from Peer 1002. Now the number of pieces it has is 225
[2024-12-01 22:08:26]: Peer 1003 requested piece 158 from Peer 1002
[2024-12-01 22:08:26]: Peer 1003 has downloaded the piece 158 from Peer 1002. Now the number of pieces it has is 226
[2024-12-01 22:08:26]: Peer 1003 requested piece 57 from Peer 1002
[2024-12-01 22:08:26]: Peer 1003 has downloaded the piece 57 from Peer 1002. Now the number of pieces it has is 227
[2024-12-01 22:08:26]: Peer 1003 requested piece 165 from Peer 1002
[2024-12-01 22:08:26]: Peer 1003 has downloaded the piece 165 from Peer 1002. Now the number of pieces it has is 228
[2024-12-01 22:08:26]: Peer 1003 requested piece 202 from Peer 1002
[2024-12-01 22:08:26]: Peer 1003 has downloaded the piece 202 from Peer 1002. Now the number of pieces it has is 229
[2024-12-01 22:08:26]: Peer 1003 requested piece 175 from Peer 1002
[2024-12-01 22:08:26]: Peer 1003 has downloaded the piece 175 from Peer 1002. Now the number of pieces it has is 230
[2024-12-01 22:08:26]: Peer 1003 requested piece 92 from Peer 1002
[2024-12-01 22:08:26]: Peer 1003 has downloaded the piece 92 from Peer 1002. Now the number of pieces it has is 231
[2024-12-01 22:08:26]: Peer 1003 requested piece 245 from Peer 1002
[2024-12-01 22:08:26]: Peer 1003 has downloaded the piece 245 from Peer 1002. Now the number of pieces it has is 232
[2024-12-01 22:08:26]: Peer 1003 requested piece 17 from Peer 1002
[2024-12-01 22:08:26]: Peer 1003 has downloaded the piece 17 from Peer 1002. Now the number of pieces it has is 233
[2024-12-01 22:08:26]: Peer 1003 requested piece 257 from Peer 1002
[2024-12-01 22:08:26]: Peer 1003 has downloaded the piece 257 from Peer 1002. Now the number of pieces it has is 234
[2024-12-01 22:08:26]: Peer 1003 requested piece 28 from Peer 1002
[2024-12-01 22:08:26]: Peer 1003 has downloaded the piece 28 from Peer 1002. Now the number of pieces it has is 235
[2024-12-01 22:08:26]: Peer 1003 requested piece 11 from Peer 1002
[2024-12-01 22:08:26]: Peer 1003 has downloaded the piece 11 from Peer 1002. Now the number of pieces it has is 236
[2024-12-01 22:08:26]: Peer 1003 requested piece 115 from Peer 1002
[2024-12-01 22:08:26]: Peer 1003 has downloaded the piece 115 from Peer 1002. Now the number of pieces it has is 237
[2024-12-01 22:08:26]: Peer 1003 requested piece 282 from Peer 1002
[2024-12-01 22:08:26]: Peer 1003 has downloaded the piece 282 from Peer 1002. Now the number of pieces it has is 238
[2024-12-01 22:08:26]: Peer 1003 requested piece 236 from Peer 1002
[2024-12-01 22:08:26]: Peer 1003 has downloaded the piece 236 from Peer 1002. Now the number of pieces it has is 239
[2024-12-01 22:08:26]: Peer 1003 requested piece 37 from Peer 1002
[2024-12-01 22:08:26]: Peer 1003 has downloaded the piece 37 from Peer 1002. Now the number of pieces it has is 240
[2024-12-01 22:08:26]: Peer 1003 requested piece 84 from Peer 1002
[2024-12-01 22:08:26]: Peer 1003 has downloaded the piece 84 from Peer 1002. Now the number of pieces it has is 241
[2024-12-01 22:08:26]: Peer 1003 requested piece 108 from Peer 1002
[2024-12-01 22:08:26]: Peer 1003 has downloaded the piece 108 from Peer 1002. Now the number of pieces it has is 242
[2024-12-01 22:08:26]: Peer 1003 requested piece 189 from Peer 1002
[2024-12-01 22:08:26]: Peer 1003 has downloaded the piece 189 from Peer 1002. Now the number of pieces it has is 243
[2024-12-01 22:08:26]: Peer 1003 requested piece 218 from Peer 1002
[2024-12-01 22:08:26]: Peer 1003 has downloaded the piece 218 from Peer 1002. Now the number of pieces it has is 244
[2024-12-01 22:08:26]: Peer 1003 requested piece 211 from Peer 1002
[2024-12-01 22:08:26]: Peer 1003 has downloaded the piece 211 from Peer 1002. Now the number of pieces it has is 245
[2024-12-01 22:08:26]: Peer 1003 requested piece 89 from Peer 1002
[2024-12-01 22:08:26]: Peer 1003 has downloaded the piece 89 from Peer 1002. Now the number of pieces it has is 246
[2024-12-01 22:08:26]: Peer 1003 requested piece 95 from Peer 1002
[2024-12-01 22:08:26]: Peer 1003 has downloaded the piece 95 from Peer 1002. Now the number of pieces it has is 247
[2024-12-01 22:08:26]: Peer 1003 requested piece 113 from Peer 1002
[2024-12-01 22:08:26]: Peer 1003 has downloaded the piece 113 from Peer 1002. Now the number of pieces it has is 248
[2024-12-01 22:08:26]: Peer 1003 requested piece 235 from Peer 1002
[2024-12-01 22:08:26]: Peer 1003 has downloaded the piece 235 from Peer 1002. Now the number of pieces it has is 249
[2024-12-01 22:08:26]: Peer 1003 requested piece 146 from Peer 1002
[2024-12-01 22:08:26]: Peer 1003 has downloaded the piece 146 from Peer 1002. Now the number of pieces it has is 250
[2024-12-01 22:08:26]: Peer 1003 requested piece 155 from Peer 1002
[2024-12-01 22:08:26]: Peer 1003 has downloaded the piece 155 from Peer 1002. Now the number of pieces it has is 251
[2024-12-01 22:08:26]: Peer 1003 requested piece 199 from Peer 1002
[2024-12-01 22:08:26]: Peer 1003 has downloaded the piece 199 from Peer 1002. Now the number of pieces it has is 252
[2024-12-01 22:08:26]: Peer 1003 requested piece 167 from Peer 1002
[2024-12-01 22:08:26]: Peer 1003 has downloaded the piece 167 from Peer 1002. Now the number of pieces it has is 253
[2024-12-01 22:08:26]: Peer 1003 requested piece 88 from Peer 1002
[2024-12-01 22:08:26]: Peer 1003 has downloaded the piece 88 from Peer 1002. Now the number of pieces it has is 254
[2024-12-01 22:08:26]: Peer 1003 requested piece 152 from Peer 1002
[2024-12-01 22:08:26]: Peer 1003 has downloaded the piece 152 from Peer 1002. Now the number of pieces it has is 255
[2024-12-01 22:08:26]: Peer 1003 requested piece 190 from Peer 1002
[2024-12-01 22:08:26]: Peer 1003 has downloaded the piece 190 from Peer 1002. Now the number of pieces it has is 256
[2024-12-01 22:08:26]: Peer 1003 requested piece 297 from Peer 1002
[2024-12-01 22:08:26]: Peer 1003 has downloaded the piece 297 from Peer 1002. Now the number of pieces it has is 257
[2024-12-01 22:08:26]: Peer 1003 requested piece 205 from Peer 1002
[2024-12-01 22:08:26]: Peer 1003 has downloaded the piece 205 from Peer 1002. Now the number of pieces it has is 258
[2024-12-01 22:08:26]: Peer 1003 requested piece 23 from Peer 1002
[2024-12-01 22:08:26]: Peer 1003 has downloaded the piece 23 from Peer 1002. Now the number of pieces it has is 259
[2024-12-01 22:08:26]: Peer 1003 requested piece 216 from Peer 1002
[2024-12-01 22:08:26]: Peer 1003 has downloaded the piece 216 from Peer 1002. Now the number of pieces it has is 260
[2024-12-01 22:08:26]: Peer 1003 requested piece 288 from Peer 1002
[2024-12-01 22:08:26]: Peer 1003 has downloaded the piece 288 from Peer 1002. Now the number of pieces it has is 261
[2024-12-01 22:08:26]: Peer 1003 requested piece 247 from Peer 1002
[2024-12-01 22:08:26]: Peer 1003 has downloaded the piece 247 from Peer 1002. Now the number of pieces it has is 262
[2024-12-01 22:08:26]: Peer 1003 requested piece 246 from Peer 1002
[2024-12-01 22:08:26]: Peer 1003 has downloaded the piece 246 from Peer 1002. Now the number of pieces it has is 263
[2024-12-01 22:08:26]: Peer 1003 requested piece 206 from Peer 1002
[2024-12-01 22:08:26]: Peer 1003 has downloaded the piece 206 from Peer 1002. Now the number of pieces it has is 264
[2024-12-01 22:08:26]: Peer 1003 requested piece 60 from Peer 1002
[2024-12-01 22:08:26]: Peer 1003 has downloaded the piece 60 from Peer 1002. Now the number of pieces it has is 265
[2024-12-01 22:08:26]: Peer 1003 requested piece 277 from Peer 1002
[2024-12-01 22:08:26]: Peer 1003 has downloaded the piece 277 from Peer 1002. Now the number of pieces it has is 266
[2024-12-01 22:08:26]: Peer 1003 requested piece 56 from Peer 1002
[2024-12-01 22:08:26]: Peer 1003 has downloaded the piece 56 from Peer 1002. Now the number of pieces it has is 267
[2024-12-01 22:08:26]: Peer 1003 requested piece 194 from Peer 1002
[2024-12-01 22:08:26]: Peer 1003 has downloaded the piece 194 from Peer 1002. Now the number of pieces it has is 268
[2024-12-01 22:08:26]: Peer 1003 requested piece 203 from Peer 1002
[2024-12-01 22:08:26]: Peer 1003 has downloaded the piece 203 from Peer 1002. Now the number of pieces it has is 269
[2024-12-01 22:08:26]: Peer 1003 requested piece 232 from Peer 1002
[2024-12-01 22:08:26]: Peer 1003 has downloaded the piece 232 from Peer 1002. Now the number of pieces it has is 270
[2024-12-01 22:08:26]: Peer 1003 requested piece 300 from Peer 1002
[2024-12-01 22:08:26]: Peer 1003 has downloaded the piece 300 from Peer 1002. Now the number of pieces it has is 271
[2024-12-01 22:08:26]: Peer 1003 requested piece 149 from Peer 1002
[2024-12-01 22:08:26]: Peer 1003 has downloaded the piece 149 from Peer 1002. Now the number of pieces it has is 272
[2024-12-01 22:08:26]: Peer 1003 requested piece 139 from Peer 1002
[2024-12-01 22:08:26]: Peer 1003 has downloaded the piece 139 from Peer 1002. Now the number of pieces it has is 273
[2024-12-01 22:08:26]: Peer 1003 requested piece 261 from Peer 1002
[2024-12-01 22:08:26]: Peer 1003 has downloaded the piece 261 from Peer 1002. Now the number of pieces it has is 274
[2024-12-01 22:08:26]: Peer 1003 requested piece 302 from Peer 1002
[2024-12-01 22:08:26]: Peer 1003 has downloaded the piece 302 from Peer 1002. Now the number of pieces it has is 275
[2024-12-01 22:08:26]: Peer 1003 requested piece 20 from Peer 1002
[2024-12-01 22:08:26]: Peer 1003 has downloaded the piece 20 from Peer 1002. Now the number of pieces it has is 276
[2024-12-01 22:08:26]: Peer 1003 requested piece 209 from Peer 1002
[2024-12-01 22:08:26]: Peer 1003 has downloaded the piece 209 from Peer 1002. Now the number of pieces it has is 277
[2024-12-01 22:08:26]: Peer 1003 requested piece 283 from Peer 1002
[2024-12-01 22:08:26]: Peer 1003 has downloaded the piece 283 from Peer 1002. Now the number of pieces it has is 278
[2024-12-01 22:08:26]: Peer 1003 requested piece 19 from Peer 1002
[2024-12-01 22:08:26]: Peer 1003 has downloaded the piece 19 from Peer 1002. Now the number of pieces it has is 279
[2024-12-01 22:08:26]: Peer 1003 requested piece 136 from Peer 1002
[2024-12-01 22:08:26]: Peer 1003 has downloaded the piece 136 from Peer 1002. Now the number of pieces it has is 280
[2024-12-01 22:08:26]: Peer 1003 requested piece 233 from Peer 1002
[2024-12-01 22:08:26]: Peer 1003 has downloaded the piece 233 from Peer 1002. Now the number of pieces it has is 281
[2024-12-01 22:08:26]: Peer 1003 requested piece 294 from Peer 1002
[2024-12-01 22:08:26]: Peer 1003 has downloaded the piece 294 from Peer 1002. Now the number of pieces it has is 282
[2024-12-01 22:08:26]: Peer 1003 requested piece 281 from Peer 1002
[2024-12-01 22:08:26]: Peer 1003 has downloaded the piece 281 from Peer 1002. Now the number of pieces it has is 283
[2024-12-01 22:08:26]: Peer 1003 requested piece 160 from Peer 1002
[2024-12-01 22:08:26]: Peer 1003 has downloaded the piece 160 from Peer 1002. Now the number of pieces it has is 284
[2024-12-01 22:08:26]: Peer 1003 requested piece 74 from Peer 1002
[2024-12-01 22:08:26]: Peer 1003 has downloaded the piece 74 from Peer 1002. Now the number of pieces it has is 285
[2024-12-01 22:08:26]: Peer 1003 requested piece 255 from Peer 1002
[2024-12-01 22:08:26]: Peer 1003 has downloaded the piece 255 from Peer 1002. Now the number of pieces it has is 286
[2024-12-01 22:08:26]: Peer 1003 requested piece 222 from Peer 1002
[2024-12-01 22:08:26]: Peer 1003 has downloaded the piece 222 from Peer 1002. Now the number of pieces it has is 287
[2024-12-01 22:08:26]: Peer 1003 requested piece 238 from Peer 1002
[2024-12-01 22:08:26]: Peer 1003 has downloaded the piece 238 from Peer 1002. Now the number of pieces it has is 288
[2024-12-01 22:08:26]: Peer 1003 requested piece 25 from Peer 1002
[2024-12-01 22:08:26]: Peer 1003 has downloaded the piece 25 from Peer 1002. Now the number of pieces it has is 289
[2024-12-01 22:08:26]: Peer 1003 requested piece 208 from Peer 1002
[2024-12-01 22:08:26]: Peer 1003 has downloaded the piece 208 from Peer 1002. Now the number of pieces it has is 290
[2024-12-01 22:08:26]: Peer 1003 requested piece 237 from Peer 1002
[2024-12-01 22:08:26]: Peer 1003 has downloaded the piece 237 from Peer 1002. Now the number of pieces it has is 291
[2024-12-01 22:08:26]: Peer 1003 requested piece 5 from Peer 1002
[2024-12-01 22:08:26]: Peer 1003 has downloaded the piece 5 from Peer 1002. Now the number of pieces it has is 292
[2024-12-01 22:08:26]: Peer 1003 requested piece 264 from Peer 1002
[2024-12-01 22:08:26]: Peer 1003 has downloaded the piece 264 from Peer 1002. Now the number of pieces it has is 293
[2024-12-01 22:08:26]: Peer 1003 requested piece 270 from Peer 1002
[2024-12-01 22:08:26]: Peer 1003 has downloaded the piece 270 from Peer 1002. Now the number of pieces it has is 294
[2024-12-01 22:08:26]: Peer 1003 requested piece 219 from Peer 1002
[2024-12-01 22:08:26]: Peer 1003 has downloaded the piece 219 from Peer 1002. Now the number of pieces it has is 295
[2024-12-01 22:08:26]: Peer 1003 requested piece 215 from Peer 1002
[2024-12-01 22:08:26]: Peer 1003 has downloaded the piece 215 from Peer 1002. Now the number of pieces it has is 296
[2024-12-01 22:08:26]: Peer 1003 requested piece 119 from Peer 1002
[2024-12-01 22:08:26]: Peer 1003 has downloaded the piece 119 from Peer 1002. Now the number of pieces it has is 297
[2024-12-01 22:08:26]: Peer 1003 requested piece 179 from Peer 1002
[2024-12-01 22:08:26]: Peer 1003 has downloaded the piece 179 from Peer 1002. Now the number of pieces it has is 298
[2024-12-01 22:08:26]: Peer 1003 requested piece 289 from Peer 1002
[2024-12-01 22:08:26]: Peer 1003 has downloaded the piece 289 from Peer 1002. Now the number of pieces it has is 299
[2024-12-01 22:08:26]: Peer 1003 requested piece 213 from Peer 1002
[2024-12-01 22:08:26]: Peer 1003 has downloaded the piece 213 from Peer 1002. Now the number of pieces it has is 300
[2024-12-01 22:08:26]: Peer 1003 requested piece 104 from Peer 1002
[2024-12-01 22:08:26]: Peer 1003 has downloaded the piece 104 from Peer 1002. Now the number of pieces it has is 301
[2024-12-01 22:08:26]: Peer 1003 requested piece 118 from Peer 1002
[2024-12-01 22:08:26]: Peer 1003 has downloaded the piece 118 from Peer 1002. Now the number of pieces it has is 302
[2024-12-01 22:08:26]: Peer 1003 requested piece 2 from Peer 1002
[2024-12-01 22:08:26]: Peer 1003 has downloaded the piece 2 from Peer 1002. Now the number of pieces it has is 303
[2024-12-01 22:08:26]: Peer 1003 requested piece 122 from Peer 1002
[2024-12-01 22:08:26]: Peer 1003 has downloaded the piece 122 from Peer 1002. Now the number of pieces it has is 304
[2024-12-01 22:08:26]: Peer 1003 requested piece 234 from Peer 1002
[2024-12-01 22:08:26]: Peer 1003 has downloaded the piece 234 from Peer 1002. Now the number of pieces it has is 305
[2024-12-01 22:08:26]: Peer 1003 requested piece 275 from Peer 1002
[2024-12-01 22:08:26]: Peer 1003 has downloaded the piece 275 from Peer 1002. Now the number of pieces it has is 306
[2024-12-01 22:08:27]: Peer 1003 has downloaded the complete file.
[2024-12-01 22:08:27]: Peer 1003 is unchoked by Peer 1001
[2024-12-01 22:08:30]: Peer 1003 has the preferred neighbors []
[2024-12-01 22:08:31]: Peer 1003 is choked by Peer 1002
[2024-12-01 22:08:32]: Peer 1003 is choked by Peer 1001
[2024-12-01 22:08:35]: Peer 1003 has the preferred neighbors []
[2024-12-01 22:08:40]: Peer 1003 has the preferred neighbors []
[2024-12-01 22:08:45]: Peer 1003 has the preferred neighbors []
[2024-12-01 22:08:50]: Peer 1003 has the preferred neighbors []
[2024-12-01 22:08:55]: Peer 1003 has the preferred neighbors []
[2024-12-01 22:09:00]: Peer 1003 has the preferred neighbors []
[2024-12-01 22:09:05]: Peer 1003 has the preferred neighbors []
[2024-12-01 22:09:10]: Peer 1003 has the preferred neighbors []
[2024-12-01 22:09:15]: Peer 1003 has the preferred neighbors []
[2024-12-01 22:09:20]: Peer 1003 has the preferred neighbors []
[2024-12-01 22:09:25]: Peer 1003 has the preferred neighbors []
[2024-12-01 22:09:30]: Peer 1003 has the preferred neighbors []
[2024-12-01 22:09:35]: Peer 1003 has the preferred neighbors []
[2024-12-01 22:09:40]: Peer 1003 has the preferred neighbors []
[2024-12-01 22:09:45]: Peer 1003 has the preferred neighbors []
[2024-12-01 22:09:50]: Peer 1003 has the preferred neighbors []
[2024-12-01 22:09:55]: Peer 1003 has the preferred neighbors []
[2024-12-01 22:10:00]: Peer 1003 has the preferred neighbors []
[2024-12-01 22:10:05]: Peer 1003 has the preferred neighbors []
[2024-12-01 22:10:10]: Peer 1003 has the preferred neighbors []
[2024-12-01 22:10:15]: Peer 1003 has the preferred neighbors []
[2024-12-01 22:10:20]: Peer 1003 has the preferred neighbors []
[2024-12-01 22:10:25]: Peer 1003 has the preferred neighbors []
[2024-12-01 22:10:30]: Peer 1003 has the preferred neighbors []
[2024-12-01 22:10:35]: Peer 1003 has the preferred neighbors []
